This is pdfTeX, Version 3.14159265-2.6-1.40.21 (TeX Live 2020) (preloaded format=pdflatex 2020.4.7)  22 MAR 2026 18:24
entering extended mode
 restricted \write18 enabled.
 file:line:error style messages enabled.
 %&-line parsing enabled.
**seismic.tex
(./seismic.tex
LaTeX2e <2020-02-02> patch level 5
L3 programming layer <2020-03-06>
(/usr/local/texlive/2020/texmf-dist/tex/latex/beamer/beamer.cls
Document Class: beamer 2019/09/29 v3.57 A class for typesetting presentations
(/usr/local/texlive/2020/texmf-dist/tex/latex/beamer/beamerbasemodes.sty
(/usr/local/texlive/2020/texmf-dist/tex/latex/etoolbox/etoolbox.sty
Package: etoolbox 2019/09/21 v2.5h e-TeX tools for LaTeX (JAW)
\etb@tempcnta=\count167
)
\beamer@tempbox=\box45
\beamer@tempcount=\count168
\c@beamerpauses=\count169

(/usr/local/texlive/2020/texmf-dist/tex/latex/beamer/beamerbasedecode.sty
\beamer@slideinframe=\count170
\beamer@minimum=\count171
\beamer@decode@box=\box46
)
\beamer@commentbox=\box47
\beamer@modecount=\count172
)
(/usr/local/texlive/2020/texmf-dist/tex/generic/iftex/ifpdf.sty
Package: ifpdf 2019/10/25 v3.4 ifpdf legacy package. Use iftex instead.

(/usr/local/texlive/2020/texmf-dist/tex/generic/iftex/iftex.sty
Package: iftex 2020/03/06 v1.0d TeX engine tests
))
\headdp=\dimen134
\footheight=\dimen135
\sidebarheight=\dimen136
\beamer@tempdim=\dimen137
\beamer@finalheight=\dimen138
\beamer@animht=\dimen139
\beamer@animdp=\dimen140
\beamer@animwd=\dimen141
\beamer@leftmargin=\dimen142
\beamer@rightmargin=\dimen143
\beamer@leftsidebar=\dimen144
\beamer@rightsidebar=\dimen145
\beamer@boxsize=\dimen146
\beamer@vboxoffset=\dimen147
\beamer@descdefault=\dimen148
\beamer@descriptionwidth=\dimen149
\beamer@lastskip=\skip47
\beamer@areabox=\box48
\beamer@animcurrent=\box49
\beamer@animshowbox=\box50
\beamer@sectionbox=\box51
\beamer@logobox=\box52
\beamer@linebox=\box53
\beamer@sectioncount=\count173
\beamer@subsubsectionmax=\count174
\beamer@subsectionmax=\count175
\beamer@sectionmax=\count176
\beamer@totalheads=\count177
\beamer@headcounter=\count178
\beamer@partstartpage=\count179
\beamer@sectionstartpage=\count180
\beamer@subsectionstartpage=\count181
\beamer@animationtempa=\count182
\beamer@animationtempb=\count183
\beamer@xpos=\count184
\beamer@ypos=\count185
\beamer@ypos@offset=\count186
\beamer@showpartnumber=\count187
\beamer@currentsubsection=\count188
\beamer@coveringdepth=\count189
\beamer@sectionadjust=\count190
\beamer@tocsectionnumber=\count191

(/usr/local/texlive/2020/texmf-dist/tex/latex/beamer/beamerbaseoptions.sty
(/usr/local/texlive/2020/texmf-dist/tex/latex/graphics/keyval.sty
Package: keyval 2014/10/28 v1.15 key=value parser (DPC)
\KV@toks@=\toks15
))
\beamer@paperwidth=\skip48
\beamer@paperheight=\skip49

(/usr/local/texlive/2020/texmf-dist/tex/latex/geometry/geometry.sty
Package: geometry 2020/01/02 v5.9 Page Geometry

(/usr/local/texlive/2020/texmf-dist/tex/generic/iftex/ifvtex.sty
Package: ifvtex 2019/10/25 v1.7 ifvtex legacy package. Use iftex instead.
)
\Gm@cnth=\count192
\Gm@cntv=\count193
\c@Gm@tempcnt=\count194
\Gm@bindingoffset=\dimen150
\Gm@wd@mp=\dimen151
\Gm@odd@mp=\dimen152
\Gm@even@mp=\dimen153
\Gm@layoutwidth=\dimen154
\Gm@layoutheight=\dimen155
\Gm@layouthoffset=\dimen156
\Gm@layoutvoffset=\dimen157
\Gm@dimlist=\toks16
)
(/usr/local/texlive/2020/texmf-dist/tex/latex/base/size11.clo
File: size11.clo 2019/12/20 v1.4l Standard LaTeX file (size option)
)
(/usr/local/texlive/2020/texmf-dist/tex/latex/pgf/basiclayer/pgfcore.sty
(/usr/local/texlive/2020/texmf-dist/tex/latex/graphics/graphicx.sty
Package: graphicx 2019/11/30 v1.2a Enhanced LaTeX Graphics (DPC,SPQR)

(/usr/local/texlive/2020/texmf-dist/tex/latex/graphics/graphics.sty
Package: graphics 2019/11/30 v1.4a Standard LaTeX Graphics (DPC,SPQR)

(/usr/local/texlive/2020/texmf-dist/tex/latex/graphics/trig.sty
Package: trig 2016/01/03 v1.10 sin cos tan (DPC)
)
(/usr/local/texlive/2020/texmf-dist/tex/latex/graphics-cfg/graphics.cfg
File: graphics.cfg 2016/06/04 v1.11 sample graphics configuration
)
Package graphics Info: Driver file: pdftex.def on input line 105.

(/usr/local/texlive/2020/texmf-dist/tex/latex/graphics-def/pdftex.def
File: pdftex.def 2018/01/08 v1.0l Graphics/color driver for pdftex
))
\Gin@req@height=\dimen158
\Gin@req@width=\dimen159
)
(/usr/local/texlive/2020/texmf-dist/tex/latex/pgf/systemlayer/pgfsys.sty
(/usr/local/texlive/2020/texmf-dist/tex/latex/pgf/utilities/pgfrcs.sty
(/usr/local/texlive/2020/texmf-dist/tex/generic/pgf/utilities/pgfutil-common.te
x
\pgfutil@everybye=\toks17
\pgfutil@tempdima=\dimen160
\pgfutil@tempdimb=\dimen161

(/usr/local/texlive/2020/texmf-dist/tex/generic/pgf/utilities/pgfutil-common-li
sts.tex))
(/usr/local/texlive/2020/texmf-dist/tex/generic/pgf/utilities/pgfutil-latex.def
\pgfutil@abb=\box54
(/usr/local/texlive/2020/texmf-dist/tex/latex/ms/everyshi.sty
Package: everyshi 2001/05/15 v3.00 EveryShipout Package (MS)
))
(/usr/local/texlive/2020/texmf-dist/tex/generic/pgf/utilities/pgfrcs.code.tex
(/usr/local/texlive/2020/texmf-dist/tex/generic/pgf/pgf.revision.tex)
Package: pgfrcs 2020/01/08 v3.1.5b (3.1.5b)
))
(/usr/local/texlive/2020/texmf-dist/tex/generic/pgf/systemlayer/pgfsys.code.tex
Package: pgfsys 2020/01/08 v3.1.5b (3.1.5b)
(/usr/local/texlive/2020/texmf-dist/tex/generic/pgf/utilities/pgfkeys.code.tex
\pgfkeys@pathtoks=\toks18
\pgfkeys@temptoks=\toks19

(/usr/local/texlive/2020/texmf-dist/tex/generic/pgf/utilities/pgfkeysfiltered.c
ode.tex
\pgfkeys@tmptoks=\toks20
))
\pgf@x=\dimen162
\pgf@y=\dimen163
\pgf@xa=\dimen164
\pgf@ya=\dimen165
\pgf@xb=\dimen166
\pgf@yb=\dimen167
\pgf@xc=\dimen168
\pgf@yc=\dimen169
\pgf@xd=\dimen170
\pgf@yd=\dimen171
\w@pgf@writea=\write3
\r@pgf@reada=\read2
\c@pgf@counta=\count195
\c@pgf@countb=\count196
\c@pgf@countc=\count197
\c@pgf@countd=\count198
\t@pgf@toka=\toks21
\t@pgf@tokb=\toks22
\t@pgf@tokc=\toks23
\pgf@sys@id@count=\count199

(/usr/local/texlive/2020/texmf-dist/tex/generic/pgf/systemlayer/pgf.cfg
File: pgf.cfg 2020/01/08 v3.1.5b (3.1.5b)
)
Driver file for pgf: pgfsys-pdftex.def

(/usr/local/texlive/2020/texmf-dist/tex/generic/pgf/systemlayer/pgfsys-pdftex.d
ef
File: pgfsys-pdftex.def 2020/01/08 v3.1.5b (3.1.5b)

(/usr/local/texlive/2020/texmf-dist/tex/generic/pgf/systemlayer/pgfsys-common-p
df.def
File: pgfsys-common-pdf.def 2020/01/08 v3.1.5b (3.1.5b)
)))
(/usr/local/texlive/2020/texmf-dist/tex/generic/pgf/systemlayer/pgfsyssoftpath.
code.tex
File: pgfsyssoftpath.code.tex 2020/01/08 v3.1.5b (3.1.5b)
\pgfsyssoftpath@smallbuffer@items=\count266
\pgfsyssoftpath@bigbuffer@items=\count267
)
(/usr/local/texlive/2020/texmf-dist/tex/generic/pgf/systemlayer/pgfsysprotocol.
code.tex
File: pgfsysprotocol.code.tex 2020/01/08 v3.1.5b (3.1.5b)
)) (/usr/local/texlive/2020/texmf-dist/tex/latex/xcolor/xcolor.sty
Package: xcolor 2016/05/11 v2.12 LaTeX color extensions (UK)

(/usr/local/texlive/2020/texmf-dist/tex/latex/graphics-cfg/color.cfg
File: color.cfg 2016/01/02 v1.6 sample color configuration
)
Package xcolor Info: Driver file: pdftex.def on input line 225.
Package xcolor Info: Model `cmy' substituted by `cmy0' on input line 1348.
Package xcolor Info: Model `hsb' substituted by `rgb' on input line 1352.
Package xcolor Info: Model `RGB' extended on input line 1364.
Package xcolor Info: Model `HTML' substituted by `rgb' on input line 1366.
Package xcolor Info: Model `Hsb' substituted by `hsb' on input line 1367.
Package xcolor Info: Model `tHsb' substituted by `hsb' on input line 1368.
Package xcolor Info: Model `HSB' substituted by `hsb' on input line 1369.
Package xcolor Info: Model `Gray' substituted by `gray' on input line 1370.
Package xcolor Info: Model `wave' substituted by `hsb' on input line 1371.
)
(/usr/local/texlive/2020/texmf-dist/tex/generic/pgf/basiclayer/pgfcore.code.tex
Package: pgfcore 2020/01/08 v3.1.5b (3.1.5b)
(/usr/local/texlive/2020/texmf-dist/tex/generic/pgf/math/pgfmath.code.tex
(/usr/local/texlive/2020/texmf-dist/tex/generic/pgf/math/pgfmathcalc.code.tex
(/usr/local/texlive/2020/texmf-dist/tex/generic/pgf/math/pgfmathutil.code.tex)
(/usr/local/texlive/2020/texmf-dist/tex/generic/pgf/math/pgfmathparser.code.tex
\pgfmath@dimen=\dimen172
\pgfmath@count=\count268
\pgfmath@box=\box55
\pgfmath@toks=\toks24
\pgfmath@stack@operand=\toks25
\pgfmath@stack@operation=\toks26
)
(/usr/local/texlive/2020/texmf-dist/tex/generic/pgf/math/pgfmathfunctions.code.
tex
(/usr/local/texlive/2020/texmf-dist/tex/generic/pgf/math/pgfmathfunctions.basic
.code.tex)
(/usr/local/texlive/2020/texmf-dist/tex/generic/pgf/math/pgfmathfunctions.trigo
nometric.code.tex)
(/usr/local/texlive/2020/texmf-dist/tex/generic/pgf/math/pgfmathfunctions.rando
m.code.tex)
(/usr/local/texlive/2020/texmf-dist/tex/generic/pgf/math/pgfmathfunctions.compa
rison.code.tex)
(/usr/local/texlive/2020/texmf-dist/tex/generic/pgf/math/pgfmathfunctions.base.
code.tex)
(/usr/local/texlive/2020/texmf-dist/tex/generic/pgf/math/pgfmathfunctions.round
.code.tex)
(/usr/local/texlive/2020/texmf-dist/tex/generic/pgf/math/pgfmathfunctions.misc.
code.tex)
(/usr/local/texlive/2020/texmf-dist/tex/generic/pgf/math/pgfmathfunctions.integ
erarithmetics.code.tex)))
(/usr/local/texlive/2020/texmf-dist/tex/generic/pgf/math/pgfmathfloat.code.tex
\c@pgfmathroundto@lastzeros=\count269
)) (/usr/local/texlive/2020/texmf-dist/tex/generic/pgf/math/pgfint.code.tex)
(/usr/local/texlive/2020/texmf-dist/tex/generic/pgf/basiclayer/pgfcorepoints.co
de.tex
File: pgfcorepoints.code.tex 2020/01/08 v3.1.5b (3.1.5b)
\pgf@picminx=\dimen173
\pgf@picmaxx=\dimen174
\pgf@picminy=\dimen175
\pgf@picmaxy=\dimen176
\pgf@pathminx=\dimen177
\pgf@pathmaxx=\dimen178
\pgf@pathminy=\dimen179
\pgf@pathmaxy=\dimen180
\pgf@xx=\dimen181
\pgf@xy=\dimen182
\pgf@yx=\dimen183
\pgf@yy=\dimen184
\pgf@zx=\dimen185
\pgf@zy=\dimen186
)
(/usr/local/texlive/2020/texmf-dist/tex/generic/pgf/basiclayer/pgfcorepathconst
ruct.code.tex
File: pgfcorepathconstruct.code.tex 2020/01/08 v3.1.5b (3.1.5b)
\pgf@path@lastx=\dimen187
\pgf@path@lasty=\dimen188
)
(/usr/local/texlive/2020/texmf-dist/tex/generic/pgf/basiclayer/pgfcorepathusage
.code.tex
File: pgfcorepathusage.code.tex 2020/01/08 v3.1.5b (3.1.5b)
\pgf@shorten@end@additional=\dimen189
\pgf@shorten@start@additional=\dimen190
)
(/usr/local/texlive/2020/texmf-dist/tex/generic/pgf/basiclayer/pgfcorescopes.co
de.tex
File: pgfcorescopes.code.tex 2020/01/08 v3.1.5b (3.1.5b)
\pgfpic=\box56
\pgf@hbox=\box57
\pgf@layerbox@main=\box58
\pgf@picture@serial@count=\count270
)
(/usr/local/texlive/2020/texmf-dist/tex/generic/pgf/basiclayer/pgfcoregraphicst
ate.code.tex
File: pgfcoregraphicstate.code.tex 2020/01/08 v3.1.5b (3.1.5b)
\pgflinewidth=\dimen191
)
(/usr/local/texlive/2020/texmf-dist/tex/generic/pgf/basiclayer/pgfcoretransform
ations.code.tex
File: pgfcoretransformations.code.tex 2020/01/08 v3.1.5b (3.1.5b)
\pgf@pt@x=\dimen192
\pgf@pt@y=\dimen193
\pgf@pt@temp=\dimen194
)
(/usr/local/texlive/2020/texmf-dist/tex/generic/pgf/basiclayer/pgfcorequick.cod
e.tex
File: pgfcorequick.code.tex 2020/01/08 v3.1.5b (3.1.5b)
)
(/usr/local/texlive/2020/texmf-dist/tex/generic/pgf/basiclayer/pgfcoreobjects.c
ode.tex
File: pgfcoreobjects.code.tex 2020/01/08 v3.1.5b (3.1.5b)
)
(/usr/local/texlive/2020/texmf-dist/tex/generic/pgf/basiclayer/pgfcorepathproce
ssing.code.tex
File: pgfcorepathprocessing.code.tex 2020/01/08 v3.1.5b (3.1.5b)
)
(/usr/local/texlive/2020/texmf-dist/tex/generic/pgf/basiclayer/pgfcorearrows.co
de.tex
File: pgfcorearrows.code.tex 2020/01/08 v3.1.5b (3.1.5b)
\pgfarrowsep=\dimen195
)
(/usr/local/texlive/2020/texmf-dist/tex/generic/pgf/basiclayer/pgfcoreshade.cod
e.tex
File: pgfcoreshade.code.tex 2020/01/08 v3.1.5b (3.1.5b)
\pgf@max=\dimen196
\pgf@sys@shading@range@num=\count271
\pgf@shadingcount=\count272
)
(/usr/local/texlive/2020/texmf-dist/tex/generic/pgf/basiclayer/pgfcoreimage.cod
e.tex
File: pgfcoreimage.code.tex 2020/01/08 v3.1.5b (3.1.5b)

(/usr/local/texlive/2020/texmf-dist/tex/generic/pgf/basiclayer/pgfcoreexternal.
code.tex
File: pgfcoreexternal.code.tex 2020/01/08 v3.1.5b (3.1.5b)
\pgfexternal@startupbox=\box59
))
(/usr/local/texlive/2020/texmf-dist/tex/generic/pgf/basiclayer/pgfcorelayers.co
de.tex
File: pgfcorelayers.code.tex 2020/01/08 v3.1.5b (3.1.5b)
)
(/usr/local/texlive/2020/texmf-dist/tex/generic/pgf/basiclayer/pgfcoretranspare
ncy.code.tex
File: pgfcoretransparency.code.tex 2020/01/08 v3.1.5b (3.1.5b)
)
(/usr/local/texlive/2020/texmf-dist/tex/generic/pgf/basiclayer/pgfcorepatterns.
code.tex
File: pgfcorepatterns.code.tex 2020/01/08 v3.1.5b (3.1.5b)
)
(/usr/local/texlive/2020/texmf-dist/tex/generic/pgf/basiclayer/pgfcorerdf.code.
tex
File: pgfcorerdf.code.tex 2020/01/08 v3.1.5b (3.1.5b)
))) (/usr/local/texlive/2020/texmf-dist/tex/latex/pgf/utilities/xxcolor.sty
Package: xxcolor 2003/10/24 ver 0.1
\XC@nummixins=\count273
\XC@countmixins=\count274
) (/usr/local/texlive/2020/texmf-dist/tex/generic/atbegshi/atbegshi.sty
Package: atbegshi 2019/12/05 v1.19 At begin shipout hook (HO)

(/usr/local/texlive/2020/texmf-dist/tex/generic/infwarerr/infwarerr.sty
Package: infwarerr 2019/12/03 v1.5 Providing info/warning/error messages (HO)
)
(/usr/local/texlive/2020/texmf-dist/tex/generic/ltxcmds/ltxcmds.sty
Package: ltxcmds 2019/12/15 v1.24 LaTeX kernel commands for general use (HO)
))
(/usr/local/texlive/2020/texmf-dist/tex/latex/hyperref/hyperref.sty
Package: hyperref 2020/01/14 v7.00d Hypertext links for LaTeX

(/usr/local/texlive/2020/texmf-dist/tex/latex/pdftexcmds/pdftexcmds.sty
Package: pdftexcmds 2019/11/24 v0.31 Utility functions of pdfTeX for LuaTeX (HO
)
Package pdftexcmds Info: \pdf@primitive is available.
Package pdftexcmds Info: \pdf@ifprimitive is available.
Package pdftexcmds Info: \pdfdraftmode found.
)
(/usr/local/texlive/2020/texmf-dist/tex/generic/kvsetkeys/kvsetkeys.sty
Package: kvsetkeys 2019/12/15 v1.18 Key value parser (HO)
)
(/usr/local/texlive/2020/texmf-dist/tex/generic/kvdefinekeys/kvdefinekeys.sty
Package: kvdefinekeys 2019-12-19 v1.6 Define keys (HO)
)
(/usr/local/texlive/2020/texmf-dist/tex/generic/pdfescape/pdfescape.sty
Package: pdfescape 2019/12/09 v1.15 Implements pdfTeX's escape features (HO)
)
(/usr/local/texlive/2020/texmf-dist/tex/latex/hycolor/hycolor.sty
Package: hycolor 2020-01-27 v1.10 Color options for hyperref/bookmark (HO)
)
(/usr/local/texlive/2020/texmf-dist/tex/latex/letltxmacro/letltxmacro.sty
Package: letltxmacro 2019/12/03 v1.6 Let assignment for LaTeX macros (HO)
)
(/usr/local/texlive/2020/texmf-dist/tex/latex/auxhook/auxhook.sty
Package: auxhook 2019-12-17 v1.6 Hooks for auxiliary files (HO)
)
(/usr/local/texlive/2020/texmf-dist/tex/latex/kvoptions/kvoptions.sty
Package: kvoptions 2019/11/29 v3.13 Key value format for package options (HO)
)
\@linkdim=\dimen197
\Hy@linkcounter=\count275
\Hy@pagecounter=\count276

(/usr/local/texlive/2020/texmf-dist/tex/latex/hyperref/pd1enc.def
File: pd1enc.def 2020/01/14 v7.00d Hyperref: PDFDocEncoding definition (HO)
Now handling font encoding PD1 ...
... no UTF-8 mapping file for font encoding PD1
)
(/usr/local/texlive/2020/texmf-dist/tex/generic/intcalc/intcalc.sty
Package: intcalc 2019/12/15 v1.3 Expandable calculations with integers (HO)
)
(/usr/local/texlive/2020/texmf-dist/tex/generic/etexcmds/etexcmds.sty
Package: etexcmds 2019/12/15 v1.7 Avoid name clashes with e-TeX commands (HO)
)
\Hy@SavedSpaceFactor=\count277
Package hyperref Info: Option `bookmarks' set `true' on input line 4421.
Package hyperref Info: Option `bookmarksopen' set `true' on input line 4421.
Package hyperref Info: Option `implicit' set `false' on input line 4421.
Package hyperref Info: Hyper figures OFF on input line 4547.
Package hyperref Info: Link nesting OFF on input line 4552.
Package hyperref Info: Hyper index ON on input line 4555.
Package hyperref Info: Plain pages OFF on input line 4562.
Package hyperref Info: Backreferencing OFF on input line 4567.
Package hyperref Info: Implicit mode OFF; no redefinition of LaTeX internals.
Package hyperref Info: Bookmarks ON on input line 4800.
\c@Hy@tempcnt=\count278

(/usr/local/texlive/2020/texmf-dist/tex/latex/url/url.sty
\Urlmuskip=\muskip16
Package: url 2013/09/16  ver 3.4  Verb mode for urls, etc.
)
LaTeX Info: Redefining \url on input line 5159.
\XeTeXLinkMargin=\dimen198

(/usr/local/texlive/2020/texmf-dist/tex/generic/bitset/bitset.sty
Package: bitset 2019/12/09 v1.3 Handle bit-vector datatype (HO)

(/usr/local/texlive/2020/texmf-dist/tex/generic/bigintcalc/bigintcalc.sty
Package: bigintcalc 2019/12/15 v1.5 Expandable calculations on big integers (HO
)
))
\Fld@menulength=\count279
\Field@Width=\dimen199
\Fld@charsize=\dimen256
Package hyperref Info: Hyper figures OFF on input line 6430.
Package hyperref Info: Link nesting OFF on input line 6435.
Package hyperref Info: Hyper index ON on input line 6438.
Package hyperref Info: backreferencing OFF on input line 6445.
Package hyperref Info: Link coloring OFF on input line 6450.
Package hyperref Info: Link coloring with OCG OFF on input line 6455.
Package hyperref Info: PDF/A mode OFF on input line 6460.
LaTeX Info: Redefining \ref on input line 6500.
LaTeX Info: Redefining \pageref on input line 6504.
\Hy@abspage=\count280


Package hyperref Message: Stopped early.

)
Package hyperref Info: Driver (autodetected): hpdftex.
 (/usr/local/texlive/2020/texmf-dist/tex/latex/hyperref/hpdftex.def
File: hpdftex.def 2020/01/14 v7.00d Hyperref driver for pdfTeX

(/usr/local/texlive/2020/texmf-dist/tex/latex/atveryend/atveryend.sty
Package: atveryend 2019-12-11 v1.11 Hooks at the very end of document (HO)
)
\Fld@listcount=\count281
\c@bookmark@seq@number=\count282

(/usr/local/texlive/2020/texmf-dist/tex/latex/rerunfilecheck/rerunfilecheck.sty
Package: rerunfilecheck 2019/12/05 v1.9 Rerun checks for auxiliary files (HO)

(/usr/local/texlive/2020/texmf-dist/tex/generic/uniquecounter/uniquecounter.sty
Package: uniquecounter 2019/12/15 v1.4 Provide unlimited unique counter (HO)
)
Package uniquecounter Info: New unique counter `rerunfilecheck' on input line 2
86.
)) (/usr/local/texlive/2020/texmf-dist/tex/latex/beamer/beamerbaserequires.sty
(/usr/local/texlive/2020/texmf-dist/tex/latex/beamer/beamerbasecompatibility.st
y) (/usr/local/texlive/2020/texmf-dist/tex/latex/beamer/beamerbasefont.sty
(/usr/local/texlive/2020/texmf-dist/tex/latex/amsfonts/amssymb.sty
Package: amssymb 2013/01/14 v3.01 AMS font symbols

(/usr/local/texlive/2020/texmf-dist/tex/latex/amsfonts/amsfonts.sty
Package: amsfonts 2013/01/14 v3.01 Basic AMSFonts support
\@emptytoks=\toks27
\symAMSa=\mathgroup4
\symAMSb=\mathgroup5
LaTeX Font Info:    Redeclaring math symbol \hbar on input line 98.
LaTeX Font Info:    Overwriting math alphabet `\mathfrak' in version `bold'
(Font)                  U/euf/m/n --> U/euf/b/n on input line 106.
))
(/usr/local/texlive/2020/texmf-dist/tex/latex/sansmathaccent/sansmathaccent.sty
Package: sansmathaccent 2020/01/31
(/usr/local/texlive/2020/texmf-dist/tex/latex/koma-script/scrlfile.sty
Package: scrlfile 2020/01/24 v3.29 KOMA-Script package (loading files)
)))
(/usr/local/texlive/2020/texmf-dist/tex/latex/beamer/beamerbasetranslator.sty
(/usr/local/texlive/2020/texmf-dist/tex/latex/translator/translator.sty
Package: translator 2019-05-31 v1.12a Easy translation of strings in LaTeX
))
(/usr/local/texlive/2020/texmf-dist/tex/latex/beamer/beamerbasemisc.sty)
(/usr/local/texlive/2020/texmf-dist/tex/latex/beamer/beamerbasetwoscreens.sty)
(/usr/local/texlive/2020/texmf-dist/tex/latex/beamer/beamerbaseoverlay.sty
\beamer@argscount=\count283
\beamer@lastskipcover=\skip50
\beamer@trivlistdepth=\count284
)
(/usr/local/texlive/2020/texmf-dist/tex/latex/beamer/beamerbasetitle.sty)
(/usr/local/texlive/2020/texmf-dist/tex/latex/beamer/beamerbasesection.sty
\c@lecture=\count285
\c@part=\count286
\c@section=\count287
\c@subsection=\count288
\c@subsubsection=\count289
)
(/usr/local/texlive/2020/texmf-dist/tex/latex/beamer/beamerbaseframe.sty
\beamer@framebox=\box60
\beamer@frametitlebox=\box61
\beamer@zoombox=\box62
\beamer@zoomcount=\count290
\beamer@zoomframecount=\count291
\beamer@frametextheight=\dimen257
\c@subsectionslide=\count292
\beamer@frametopskip=\skip51
\beamer@framebottomskip=\skip52
\beamer@frametopskipautobreak=\skip53
\beamer@framebottomskipautobreak=\skip54
\beamer@envbody=\toks28
\framewidth=\dimen258
\c@framenumber=\count293
)
(/usr/local/texlive/2020/texmf-dist/tex/latex/beamer/beamerbaseverbatim.sty
\beamer@verbatimfileout=\write4
)
(/usr/local/texlive/2020/texmf-dist/tex/latex/beamer/beamerbaseframesize.sty
\beamer@splitbox=\box63
\beamer@autobreakcount=\count294
\beamer@autobreaklastheight=\dimen259
\beamer@frametitletoks=\toks29
\beamer@framesubtitletoks=\toks30
)
(/usr/local/texlive/2020/texmf-dist/tex/latex/beamer/beamerbaseframecomponents.
sty
\beamer@footins=\box64
) (/usr/local/texlive/2020/texmf-dist/tex/latex/beamer/beamerbasecolor.sty)
(/usr/local/texlive/2020/texmf-dist/tex/latex/beamer/beamerbasenotes.sty
\beamer@frameboxcopy=\box65
)
(/usr/local/texlive/2020/texmf-dist/tex/latex/beamer/beamerbasetoc.sty)
(/usr/local/texlive/2020/texmf-dist/tex/latex/beamer/beamerbasetemplates.sty
\beamer@sbttoks=\toks31

(/usr/local/texlive/2020/texmf-dist/tex/latex/beamer/beamerbaseauxtemplates.sty
(/usr/local/texlive/2020/texmf-dist/tex/latex/beamer/beamerbaseboxes.sty
\bmb@box=\box66
\bmb@colorbox=\box67
\bmb@boxshadow=\box68
\bmb@boxshadowball=\box69
\bmb@boxshadowballlarge=\box70
\bmb@temp=\dimen260
\bmb@dima=\dimen261
\bmb@dimb=\dimen262
\bmb@prevheight=\dimen263
)
\beamer@blockheadheight=\dimen264
))
(/usr/local/texlive/2020/texmf-dist/tex/latex/beamer/beamerbaselocalstructure.s
ty (/usr/local/texlive/2020/texmf-dist/tex/latex/tools/enumerate.sty
Package: enumerate 2015/07/23 v3.00 enumerate extensions (DPC)
\@enLab=\toks32
)
\c@figure=\count295
\c@table=\count296
\abovecaptionskip=\skip55
\belowcaptionskip=\skip56
)
(/usr/local/texlive/2020/texmf-dist/tex/latex/beamer/beamerbasenavigation.sty
\beamer@section@min@dim=\dimen265
)
(/usr/local/texlive/2020/texmf-dist/tex/latex/beamer/beamerbasetheorems.sty
(/usr/local/texlive/2020/texmf-dist/tex/latex/amsmath/amsmath.sty
Package: amsmath 2020/01/20 v2.17e AMS math features
\@mathmargin=\skip57

For additional information on amsmath, use the `?' option.
(/usr/local/texlive/2020/texmf-dist/tex/latex/amsmath/amstext.sty
Package: amstext 2000/06/29 v2.01 AMS text

(/usr/local/texlive/2020/texmf-dist/tex/latex/amsmath/amsgen.sty
File: amsgen.sty 1999/11/30 v2.0 generic functions
\@emptytoks=\toks33
\ex@=\dimen266
))
(/usr/local/texlive/2020/texmf-dist/tex/latex/amsmath/amsbsy.sty
Package: amsbsy 1999/11/29 v1.2d Bold Symbols
\pmbraise@=\dimen267
)
(/usr/local/texlive/2020/texmf-dist/tex/latex/amsmath/amsopn.sty
Package: amsopn 2016/03/08 v2.02 operator names
)
\inf@bad=\count297
LaTeX Info: Redefining \frac on input line 227.
\uproot@=\count298
\leftroot@=\count299
LaTeX Info: Redefining \overline on input line 389.
\classnum@=\count300
\DOTSCASE@=\count301
LaTeX Info: Redefining \ldots on input line 486.
LaTeX Info: Redefining \dots on input line 489.
LaTeX Info: Redefining \cdots on input line 610.
\Mathstrutbox@=\box71
\strutbox@=\box72
\big@size=\dimen268
LaTeX Font Info:    Redeclaring font encoding OML on input line 733.
LaTeX Font Info:    Redeclaring font encoding OMS on input line 734.
\macc@depth=\count302
\c@MaxMatrixCols=\count303
\dotsspace@=\muskip17
\c@parentequation=\count304
\dspbrk@lvl=\count305
\tag@help=\toks34
\row@=\count306
\column@=\count307
\maxfields@=\count308
\andhelp@=\toks35
\eqnshift@=\dimen269
\alignsep@=\dimen270
\tagshift@=\dimen271
\tagwidth@=\dimen272
\totwidth@=\dimen273
\lineht@=\dimen274
\@envbody=\toks36
\multlinegap=\skip58
\multlinetaggap=\skip59
\mathdisplay@stack=\toks37
LaTeX Info: Redefining \[ on input line 2859.
LaTeX Info: Redefining \] on input line 2860.
)
(/usr/local/texlive/2020/texmf-dist/tex/latex/amscls/amsthm.sty
Package: amsthm 2017/10/31 v2.20.4
\thm@style=\toks38
\thm@bodyfont=\toks39
\thm@headfont=\toks40
\thm@notefont=\toks41
\thm@headpunct=\toks42
\thm@preskip=\skip60
\thm@postskip=\skip61
\thm@headsep=\skip62
\dth@everypar=\toks43
)
\c@theorem=\count309
)
(/usr/local/texlive/2020/texmf-dist/tex/latex/beamer/beamerbasethemes.sty))
(/usr/local/texlive/2020/texmf-dist/tex/latex/beamer/beamerthemedefault.sty
(/usr/local/texlive/2020/texmf-dist/tex/latex/beamer/beamerfontthemedefault.sty
)
(/usr/local/texlive/2020/texmf-dist/tex/latex/beamer/beamercolorthemedefault.st
y)
(/usr/local/texlive/2020/texmf-dist/tex/latex/beamer/beamerinnerthemedefault.st
y
\beamer@dima=\dimen275
\beamer@dimb=\dimen276
)
(/usr/local/texlive/2020/texmf-dist/tex/latex/beamer/beamerouterthemedefault.st
y))) (/usr/local/texlive/2020/texmf-dist/tex/latex/background/background.sty
Package: background 2014/03/04 v2.1 background material

(/usr/local/texlive/2020/texmf-dist/tex/latex/xkeyval/xkeyval.sty
Package: xkeyval 2014/12/03 v2.7a package option processing (HA)

(/usr/local/texlive/2020/texmf-dist/tex/generic/xkeyval/xkeyval.tex
(/usr/local/texlive/2020/texmf-dist/tex/generic/xkeyval/xkvutils.tex
\XKV@toks=\toks44
\XKV@tempa@toks=\toks45
)
\XKV@depth=\count310
File: xkeyval.tex 2014/12/03 v2.7a key=value parser (HA)
))
(/usr/local/texlive/2020/texmf-dist/tex/latex/pgf/frontendlayer/tikz.sty
(/usr/local/texlive/2020/texmf-dist/tex/latex/pgf/basiclayer/pgf.sty
Package: pgf 2020/01/08 v3.1.5b (3.1.5b)

(/usr/local/texlive/2020/texmf-dist/tex/generic/pgf/modules/pgfmoduleshapes.cod
e.tex
File: pgfmoduleshapes.code.tex 2020/01/08 v3.1.5b (3.1.5b)
\pgfnodeparttextbox=\box73
)
(/usr/local/texlive/2020/texmf-dist/tex/generic/pgf/modules/pgfmoduleplot.code.
tex
File: pgfmoduleplot.code.tex 2020/01/08 v3.1.5b (3.1.5b)
)
(/usr/local/texlive/2020/texmf-dist/tex/latex/pgf/compatibility/pgfcomp-version
-0-65.sty
Package: pgfcomp-version-0-65 2020/01/08 v3.1.5b (3.1.5b)
\pgf@nodesepstart=\dimen277
\pgf@nodesepend=\dimen278
)
(/usr/local/texlive/2020/texmf-dist/tex/latex/pgf/compatibility/pgfcomp-version
-1-18.sty
Package: pgfcomp-version-1-18 2020/01/08 v3.1.5b (3.1.5b)
))
(/usr/local/texlive/2020/texmf-dist/tex/latex/pgf/utilities/pgffor.sty
(/usr/local/texlive/2020/texmf-dist/tex/latex/pgf/utilities/pgfkeys.sty
(/usr/local/texlive/2020/texmf-dist/tex/generic/pgf/utilities/pgfkeys.code.tex)
) (/usr/local/texlive/2020/texmf-dist/tex/latex/pgf/math/pgfmath.sty
(/usr/local/texlive/2020/texmf-dist/tex/generic/pgf/math/pgfmath.code.tex))
(/usr/local/texlive/2020/texmf-dist/tex/generic/pgf/utilities/pgffor.code.tex
Package: pgffor 2020/01/08 v3.1.5b (3.1.5b)

(/usr/local/texlive/2020/texmf-dist/tex/generic/pgf/math/pgfmath.code.tex)
\pgffor@iter=\dimen279
\pgffor@skip=\dimen280
\pgffor@stack=\toks46
\pgffor@toks=\toks47
))
(/usr/local/texlive/2020/texmf-dist/tex/generic/pgf/frontendlayer/tikz/tikz.cod
e.tex
Package: tikz 2020/01/08 v3.1.5b (3.1.5b)

(/usr/local/texlive/2020/texmf-dist/tex/generic/pgf/libraries/pgflibraryplothan
dlers.code.tex
File: pgflibraryplothandlers.code.tex 2020/01/08 v3.1.5b (3.1.5b)
\pgf@plot@mark@count=\count311
\pgfplotmarksize=\dimen281
)
\tikz@lastx=\dimen282
\tikz@lasty=\dimen283
\tikz@lastxsaved=\dimen284
\tikz@lastysaved=\dimen285
\tikz@lastmovetox=\dimen286
\tikz@lastmovetoy=\dimen287
\tikzleveldistance=\dimen288
\tikzsiblingdistance=\dimen289
\tikz@figbox=\box74
\tikz@figbox@bg=\box75
\tikz@tempbox=\box76
\tikz@tempbox@bg=\box77
\tikztreelevel=\count312
\tikznumberofchildren=\count313
\tikznumberofcurrentchild=\count314
\tikz@fig@count=\count315

(/usr/local/texlive/2020/texmf-dist/tex/generic/pgf/modules/pgfmodulematrix.cod
e.tex
File: pgfmodulematrix.code.tex 2020/01/08 v3.1.5b (3.1.5b)
\pgfmatrixcurrentrow=\count316
\pgfmatrixcurrentcolumn=\count317
\pgf@matrix@numberofcolumns=\count318
)
\tikz@expandcount=\count319

(/usr/local/texlive/2020/texmf-dist/tex/generic/pgf/frontendlayer/tikz/librarie
s/tikzlibrarytopaths.code.tex
File: tikzlibrarytopaths.code.tex 2020/01/08 v3.1.5b (3.1.5b)
)))
(/usr/local/texlive/2020/texmf-dist/tex/latex/everypage/everypage.sty
Package: everypage 2007/06/20 1.1 Hooks to run on every page
)
(/usr/local/texlive/2020/texmf-dist/tex/latex/tools/afterpage.sty
Package: afterpage 2014/10/28 v1.08 After-Page Package (DPC)
\AP@output=\toks48
\AP@partial=\box78
\AP@footins=\box79
))
(/usr/local/texlive/2020/texmf-dist/tex/latex/transparent/transparent.sty
Package: transparent 2019/11/29 v1.4 Transparency via pdfTeX's color stack (HO)

)
(../../../global/setup-global/setup-global.tex
(../../../global/setup-global/paths-global.tex)
(../../../global/setup-global/hyperlinks-global.tex)
(../../../global/setup-global/libraries-global.tex
(/Volumes/T7-Touch/repos/bitbucket/strange/shared/collection/lib-delimiters.tex
) (/Volumes/T7-Touch/repos/bitbucket/strange/shared/collection/lib-colors.tex))
(../../../global/setup-global/macros-global.tex
\c@saveenumi=\count320
)
(../../../global/setup-global/packages-global.tex
(/usr/local/texlive/2020/texmf-dist/tex/latex/biblatex/biblatex.sty
Package: biblatex 2019/12/01 v3.14 programmable bibliographies (PK/MW)

(/usr/local/texlive/2020/texmf-dist/tex/latex/logreq/logreq.sty
Package: logreq 2010/08/04 v1.0 xml request logger
\lrq@indent=\count321

(/usr/local/texlive/2020/texmf-dist/tex/latex/logreq/logreq.def
File: logreq.def 2010/08/04 v1.0 logreq spec v1.0
))
(/usr/local/texlive/2020/texmf-dist/tex/latex/base/ifthen.sty
Package: ifthen 2014/09/29 v1.1c Standard LaTeX ifthen package (DPC)
)
\c@tabx@nest=\count322
\c@listtotal=\count323
\c@listcount=\count324
\c@liststart=\count325
\c@liststop=\count326
\c@citecount=\count327
\c@citetotal=\count328
\c@multicitecount=\count329
\c@multicitetotal=\count330
\c@instcount=\count331
\c@maxnames=\count332
\c@minnames=\count333
\c@maxitems=\count334
\c@minitems=\count335
\c@citecounter=\count336
\c@maxcitecounter=\count337
\c@savedcitecounter=\count338
\c@uniquelist=\count339
\c@uniquename=\count340
\c@refsection=\count341
\c@refsegment=\count342
\c@maxextratitle=\count343
\c@maxextratitleyear=\count344
\c@maxextraname=\count345
\c@maxextradate=\count346
\c@maxextraalpha=\count347
\c@abbrvpenalty=\count348
\c@highnamepenalty=\count349
\c@lownamepenalty=\count350
\c@maxparens=\count351
\c@parenlevel=\count352
\blx@tempcnta=\count353
\blx@tempcntb=\count354
\blx@tempcntc=\count355
\blx@maxsection=\count356
\blx@maxsegment@0=\count357
\blx@notetype=\count358
\blx@parenlevel@text=\count359
\blx@parenlevel@foot=\count360
\blx@sectionciteorder@0=\count361
\blx@entrysetcounter=\count362
\labelnumberwidth=\skip63
\labelalphawidth=\skip64
\biblabelsep=\skip65
\bibitemsep=\skip66
\bibnamesep=\skip67
\bibinitsep=\skip68
\bibparsep=\skip69
\bibhang=\skip70
\blx@bcfin=\read3
\blx@bcfout=\write5
\blx@langwohyphens=\language86
\c@mincomprange=\count363
\c@maxcomprange=\count364
\c@mincompwidth=\count365
Package biblatex Info: Trying to load biblatex default data model...
Package biblatex Info: ... file 'blx-dm.def' found.

(/usr/local/texlive/2020/texmf-dist/tex/latex/biblatex/blx-dm.def
File: blx-dm.def 2019/12/01 v3.14 biblatex localization (PK/MW)
)
Package biblatex Info: Trying to load biblatex style data model...
Package biblatex Info: ... file 'numeric.dbx' not found.
Package biblatex Info: Trying to load biblatex custom data model...
Package biblatex Info: ... file 'biblatex-dm.cfg' not found.
\c@afterword=\count366
\c@savedafterword=\count367
\c@annotator=\count368
\c@savedannotator=\count369
\c@author=\count370
\c@savedauthor=\count371
\c@bookauthor=\count372
\c@savedbookauthor=\count373
\c@commentator=\count374
\c@savedcommentator=\count375
\c@editor=\count376
\c@savededitor=\count377
\c@editora=\count378
\c@savededitora=\count379
\c@editorb=\count380
\c@savededitorb=\count381
\c@editorc=\count382
\c@savededitorc=\count383
\c@foreword=\count384
\c@savedforeword=\count385
\c@holder=\count386
\c@savedholder=\count387
\c@introduction=\count388
\c@savedintroduction=\count389
\c@namea=\count390
\c@savednamea=\count391
\c@nameb=\count392
\c@savednameb=\count393
\c@namec=\count394
\c@savednamec=\count395
\c@translator=\count396
\c@savedtranslator=\count397
\c@shortauthor=\count398
\c@savedshortauthor=\count399
\c@shorteditor=\count400
\c@savedshorteditor=\count401
\c@labelname=\count402
\c@savedlabelname=\count403
\c@institution=\count404
\c@savedinstitution=\count405
\c@lista=\count406
\c@savedlista=\count407
\c@listb=\count408
\c@savedlistb=\count409
\c@listc=\count410
\c@savedlistc=\count411
\c@listd=\count412
\c@savedlistd=\count413
\c@liste=\count414
\c@savedliste=\count415
\c@listf=\count416
\c@savedlistf=\count417
\c@location=\count418
\c@savedlocation=\count419
\c@organization=\count420
\c@savedorganization=\count421
\c@origlocation=\count422
\c@savedoriglocation=\count423
\c@origpublisher=\count424
\c@savedorigpublisher=\count425
\c@publisher=\count426
\c@savedpublisher=\count427
\c@language=\count428
\c@savedlanguage=\count429
\c@origlanguage=\count430
\c@savedoriglanguage=\count431
\c@pageref=\count432
\c@savedpageref=\count433
\shorthandwidth=\skip71
\shortjournalwidth=\skip72
\shortserieswidth=\skip73
\shorttitlewidth=\skip74
\shortauthorwidth=\skip75
\shorteditorwidth=\skip76
\locallabelnumberwidth=\skip77
\locallabelalphawidth=\skip78
\localshorthandwidth=\skip79
\localshortjournalwidth=\skip80
\localshortserieswidth=\skip81
\localshorttitlewidth=\skip82
\localshortauthorwidth=\skip83
\localshorteditorwidth=\skip84
Package biblatex Info: Trying to load compatibility code...
Package biblatex Info: ... file 'blx-compat.def' found.

(/usr/local/texlive/2020/texmf-dist/tex/latex/biblatex/blx-compat.def
File: blx-compat.def 2019/12/01 v3.14 biblatex compatibility (PK/MW)
)
Package biblatex Info: Trying to load generic definitions...
Package biblatex Info: ... file 'biblatex.def' found.

(/usr/local/texlive/2020/texmf-dist/tex/latex/biblatex/biblatex.def
File: biblatex.def 2019/12/01 v3.14 biblatex compatibility (PK/MW)
\c@textcitecount=\count434
\c@textcitetotal=\count435
\c@textcitemaxnames=\count436
\c@biburlbigbreakpenalty=\count437
\c@biburlbreakpenalty=\count438
\c@biburlnumpenalty=\count439
\c@biburlucpenalty=\count440
\c@biburllcpenalty=\count441
\biburlbigskip=\muskip18
\biburlnumskip=\muskip19
\biburlucskip=\muskip20
\biburllcskip=\muskip21
\c@smartand=\count442
)
Package biblatex Info: Trying to load bibliography style 'numeric'...
Package biblatex Info: ... file 'numeric.bbx' found.

(/usr/local/texlive/2020/texmf-dist/tex/latex/biblatex/bbx/numeric.bbx
File: numeric.bbx 2019/12/01 v3.14 biblatex bibliography style (PK/MW)
Package biblatex Info: Trying to load bibliography style 'standard'...
Package biblatex Info: ... file 'standard.bbx' found.

(/usr/local/texlive/2020/texmf-dist/tex/latex/biblatex/bbx/standard.bbx
File: standard.bbx 2019/12/01 v3.14 biblatex bibliography style (PK/MW)
\c@bbx:relatedcount=\count443
\c@bbx:relatedtotal=\count444
))
Package biblatex Info: Trying to load citation style 'authoryear'...
Package biblatex Info: ... file 'authoryear.cbx' found.

(/usr/local/texlive/2020/texmf-dist/tex/latex/biblatex/cbx/authoryear.cbx
File: authoryear.cbx 2019/12/01 v3.14 biblatex citation style (PK/MW)
Package biblatex Info: Redefining '\cite'.
Package biblatex Info: Redefining '\parencite'.
Package biblatex Info: Redefining '\footcite'.
Package biblatex Info: Redefining '\footcitetext'.
Package biblatex Info: Redefining '\smartcite'.
Package biblatex Info: Redefining '\textcite'.
Package biblatex Info: Redefining '\textcites'.
)
Package biblatex Info: Trying to load configuration file...
Package biblatex Info: ... file 'biblatex.cfg' found.

(/usr/local/texlive/2020/texmf-dist/tex/latex/biblatex/biblatex.cfg
File: biblatex.cfg 
))
(/usr/local/texlive/2020/texmf-dist/tex/latex/cancel/cancel.sty
Package: cancel 2013/04/12 v2.2 Cancel math terms
)
(/usr/local/texlive/2020/texmf-dist/tex/latex/colortbl/colortbl.sty
Package: colortbl 2020/01/04 v1.0e Color table columns (DPC)

(/usr/local/texlive/2020/texmf-dist/tex/latex/tools/array.sty
Package: array 2019/08/31 v2.4l Tabular extension package (FMi)
\col@sep=\dimen290
\ar@mcellbox=\box80
\extrarowheight=\dimen291
\NC@list=\toks49
\extratabsurround=\skip85
\backup@length=\skip86
\ar@cellbox=\box81
)
\everycr=\toks50
\minrowclearance=\skip87
)
(/usr/local/texlive/2020/texmf-dist/tex/latex/multirow/multirow.sty
Package: multirow 2019/05/31 v2.5 Span multiple rows of a table
\multirow@colwidth=\skip88
\multirow@cntb=\count445
\multirow@dima=\skip89
\bigstrutjot=\dimen292
)
(/usr/local/texlive/2020/texmf-dist/tex/latex/overpic/overpic.sty
Package: overpic 2020/02/22 1.3 picture overlays (RN)

(/usr/local/texlive/2020/texmf-dist/tex/latex/eepic/epic.sty
Enhancements to Picture Environment. Version 1.2 - Released June 1, 1986
\@@multicnt=\count446
\d@lta=\count447
\@delta=\dimen293
\@@delta=\dimen294
\@gridcnt=\count448
\@joinkind=\count449
\@dotgap=\dimen295
\@ddotgap=\dimen296
\@x@diff=\count450
\@y@diff=\count451
\x@diff=\dimen297
\y@diff=\dimen298
\@dotbox=\box82
\num@segments=\count452
\num@segmentsi=\count453
\@datafile=\read4
)
\OVP@box=\box83
) (/usr/local/texlive/2020/texmf-dist/tex/latex/textpos/textpos.sty
Package: textpos 2019/04/15 v1.9.1

Package: textpos 2019/04/15 1.9.1, absolute positioning of text on the page
\TP@textbox=\box84
\TP@holdbox=\box85
\TPHorizModule=\dimen299
\TPVertModule=\dimen300
\TP@margin=\dimen301
\TP@absmargin=\dimen302
Grid set 16 x 16 = 22.7622pt x 17.07166pt
\TPboxrulesize=\dimen303
\TP@ox=\dimen304
\TP@oy=\dimen305
\TP@tbargs=\toks51
\TP@prevdepth=\dimen306
TextBlockOrigin set to 0pt x 0pt
)
(/usr/local/texlive/2020/texmf-dist/tex/generic/pgf/frontendlayer/tikz/librarie
s/tikzlibraryarrows.code.tex
File: tikzlibraryarrows.code.tex 2020/01/08 v3.1.5b (3.1.5b)

(/usr/local/texlive/2020/texmf-dist/tex/generic/pgf/libraries/pgflibraryarrows.
code.tex
File: pgflibraryarrows.code.tex 2020/01/08 v3.1.5b (3.1.5b)
\arrowsize=\dimen307
)))) (../local/setup-local/setup-local.tex
(../local/setup-local/macros-local.tex)

! LaTeX Error: File `/Volumes/T7-Touch/repos/github/nursery-slide-decks/beamer/
dtra/briefings/e-m-gauge/local/setup-local/macros-local.tex' not found.

Type X to quit or <RETURN> to proceed,
or enter new name. (Default extension: tex)

Enter file name: 
)

Package hyperref Warning: Token not allowed in a PDF string (PDFDocEncoding):
(hyperref)                removing `\\' on input line 42.

\@quotelevel=\count454
\@quotereset=\count455
(/usr/local/texlive/2020/texmf-dist/tex/latex/l3backend/l3backend-pdfmode.def
File: l3backend-pdfmode.def 2020-03-12 L3 backend support: PDF mode
\l__kernel_color_stack_int=\count456
\l__pdf_internal_box=\box86
)
(./seismic.aux

LaTeX Warning: Label `eq:average-far-field' multiply defined.

)
\openout1 = `seismic.aux'.

LaTeX Font Info:    Checking defaults for OML/cmm/m/it on input line 49.
LaTeX Font Info:    ... okay on input line 49.
LaTeX Font Info:    Checking defaults for OMS/cmsy/m/n on input line 49.
LaTeX Font Info:    ... okay on input line 49.
LaTeX Font Info:    Checking defaults for OT1/cmr/m/n on input line 49.
LaTeX Font Info:    ... okay on input line 49.
LaTeX Font Info:    Checking defaults for T1/cmr/m/n on input line 49.
LaTeX Font Info:    ... okay on input line 49.
LaTeX Font Info:    Checking defaults for TS1/cmr/m/n on input line 49.
LaTeX Font Info:    ... okay on input line 49.
LaTeX Font Info:    Checking defaults for OMX/cmex/m/n on input line 49.
LaTeX Font Info:    ... okay on input line 49.
LaTeX Font Info:    Checking defaults for U/cmr/m/n on input line 49.
LaTeX Font Info:    ... okay on input line 49.
LaTeX Font Info:    Checking defaults for PD1/pdf/m/n on input line 49.
LaTeX Font Info:    ... okay on input line 49.

*geometry* driver: auto-detecting
*geometry* detected driver: pdftex
*geometry* verbose mode - [ preamble ] result:
* driver: pdftex
* paper: custom
* layout: <same size as paper>
* layoutoffset:(h,v)=(0.0pt,0.0pt)
* modes: includehead includefoot 
* h-part:(L,W,R)=(28.45274pt, 307.28987pt, 28.45274pt)
* v-part:(T,H,B)=(0.0pt, 273.14662pt, 0.0pt)
* \paperwidth=364.19536pt
* \paperheight=273.14662pt
* \textwidth=307.28987pt
* \textheight=244.6939pt
* \oddsidemargin=-43.81725pt
* \evensidemargin=-43.81725pt
* \topmargin=-72.26999pt
* \headheight=14.22636pt
* \headsep=0.0pt
* \topskip=11.0pt
* \footskip=14.22636pt
* \marginparwidth=4.0pt
* \marginparsep=10.0pt
* \columnsep=10.0pt
* \skip\footins=10.0pt plus 4.0pt minus 2.0pt
* \hoffset=0.0pt
* \voffset=0.0pt
* \mag=1000
* \@twocolumnfalse
* \@twosidefalse
* \@mparswitchfalse
* \@reversemarginfalse
* (1in=72.27pt=25.4mm, 1cm=28.453pt)

(/usr/local/texlive/2020/texmf-dist/tex/context/base/mkii/supp-pdf.mkii
[Loading MPS to PDF converter (version 2006.09.02).]
\scratchcounter=\count457
\scratchdimen=\dimen308
\scratchbox=\box87
\nofMPsegments=\count458
\nofMParguments=\count459
\everyMPshowfont=\toks52
\MPscratchCnt=\count460
\MPscratchDim=\dimen309
\MPnumerator=\count461
\makeMPintoPDFobject=\count462
\everyMPtoPDFconversion=\toks53
) (/usr/local/texlive/2020/texmf-dist/tex/latex/epstopdf-pkg/epstopdf-base.sty
Package: epstopdf-base 2020-01-24 v2.11 Base part for package epstopdf

(/usr/local/texlive/2020/texmf-dist/tex/latex/grfext/grfext.sty
Package: grfext 2019/12/03 v1.3 Manage graphics extensions (HO)
)
Package epstopdf-base Info: Redefining graphics rule for `.eps' on input line 4
85.
Package grfext Info: Graphics extension search list:
(grfext)             [.pdf,.png,.jpg,.mps,.jpeg,.jbig2,.jb2,.PDF,.PNG,.JPG,.JPE
G,.JBIG2,.JB2,.eps]
(grfext)             \AppendGraphicsExtensions on input line 504.

(/usr/local/texlive/2020/texmf-dist/tex/latex/latexconfig/epstopdf-sys.cfg
File: epstopdf-sys.cfg 2010/07/13 v1.3 Configuration of (r)epstopdf for TeX Liv
e
))
ABD: EveryShipout initializing macros
\AtBeginShipoutBox=\box88
Package hyperref Info: Link coloring OFF on input line 49.

(/usr/local/texlive/2020/texmf-dist/tex/latex/hyperref/nameref.sty
Package: nameref 2019/09/16 v2.46 Cross-referencing by name of section

(/usr/local/texlive/2020/texmf-dist/tex/latex/refcount/refcount.sty
Package: refcount 2019/12/15 v3.6 Data extraction from label references (HO)
)
(/usr/local/texlive/2020/texmf-dist/tex/generic/gettitlestring/gettitlestring.s
ty
Package: gettitlestring 2019/12/15 v1.6 Cleanup title references (HO)
)
\c@section@level=\count463
)
LaTeX Info: Redefining \ref on input line 49.
LaTeX Info: Redefining \pageref on input line 49.
LaTeX Info: Redefining \nameref on input line 49.
 (./seismic.out) (./seismic.out)
\@outlinefile=\write6
\openout6 = `seismic.out'.

LaTeX Font Info:    Overwriting symbol font `operators' in version `normal'
(Font)                  OT1/cmr/m/n --> OT1/cmss/m/n on input line 49.
LaTeX Font Info:    Overwriting symbol font `operators' in version `bold'
(Font)                  OT1/cmr/bx/n --> OT1/cmss/b/n on input line 49.
\symnumbers=\mathgroup6
\sympureletters=\mathgroup7
LaTeX Font Info:    Overwriting math alphabet `\mathrm' in version `normal'
(Font)                  OT1/cmss/m/n --> OT1/cmr/m/n on input line 49.
LaTeX Font Info:    Redeclaring math alphabet \mathbf on input line 49.
LaTeX Font Info:    Overwriting math alphabet `\mathbf' in version `normal'
(Font)                  OT1/cmr/bx/n --> OT1/cmss/b/n on input line 49.
LaTeX Font Info:    Overwriting math alphabet `\mathbf' in version `bold'
(Font)                  OT1/cmr/bx/n --> OT1/cmss/b/n on input line 49.
LaTeX Font Info:    Redeclaring math alphabet \mathsf on input line 49.
LaTeX Font Info:    Overwriting math alphabet `\mathsf' in version `normal'
(Font)                  OT1/cmss/m/n --> OT1/cmss/m/n on input line 49.
LaTeX Font Info:    Overwriting math alphabet `\mathsf' in version `bold'
(Font)                  OT1/cmss/bx/n --> OT1/cmss/m/n on input line 49.
LaTeX Font Info:    Redeclaring math alphabet \mathit on input line 49.
LaTeX Font Info:    Overwriting math alphabet `\mathit' in version `normal'
(Font)                  OT1/cmr/m/it --> OT1/cmss/m/it on input line 49.
LaTeX Font Info:    Overwriting math alphabet `\mathit' in version `bold'
(Font)                  OT1/cmr/bx/it --> OT1/cmss/m/it on input line 49.
LaTeX Font Info:    Redeclaring math alphabet \mathtt on input line 49.
LaTeX Font Info:    Overwriting math alphabet `\mathtt' in version `normal'
(Font)                  OT1/cmtt/m/n --> OT1/cmtt/m/n on input line 49.
LaTeX Font Info:    Overwriting math alphabet `\mathtt' in version `bold'
(Font)                  OT1/cmtt/m/n --> OT1/cmtt/m/n on input line 49.
LaTeX Font Info:    Overwriting symbol font `numbers' in version `bold'
(Font)                  OT1/cmss/m/n --> OT1/cmss/b/n on input line 49.
LaTeX Font Info:    Overwriting symbol font `pureletters' in version `bold'
(Font)                  OT1/cmss/m/it --> OT1/cmss/b/it on input line 49.
LaTeX Font Info:    Overwriting math alphabet `\mathrm' in version `bold'
(Font)                  OT1/cmss/b/n --> OT1/cmr/b/n on input line 49.
LaTeX Font Info:    Overwriting math alphabet `\mathbf' in version `bold'
(Font)                  OT1/cmss/b/n --> OT1/cmss/b/n on input line 49.
LaTeX Font Info:    Overwriting math alphabet `\mathsf' in version `bold'
(Font)                  OT1/cmss/m/n --> OT1/cmss/b/n on input line 49.
LaTeX Font Info:    Overwriting math alphabet `\mathit' in version `bold'
(Font)                  OT1/cmss/m/it --> OT1/cmss/b/it on input line 49.
LaTeX Font Info:    Overwriting math alphabet `\mathtt' in version `bold'
(Font)                  OT1/cmtt/m/n --> OT1/cmtt/b/n on input line 49.
LaTeX Font Info:    Redeclaring symbol font `pureletters' on input line 49.
LaTeX Font Info:    Overwriting symbol font `pureletters' in version `normal'
(Font)                  OT1/cmss/m/it --> OT1/mathkerncmss/m/sl on input line 4
9.
LaTeX Font Info:    Overwriting symbol font `pureletters' in version `bold'
(Font)                  OT1/cmss/b/it --> OT1/mathkerncmss/m/sl on input line 4
9.
LaTeX Font Info:    Overwriting symbol font `pureletters' in version `bold'
(Font)                  OT1/mathkerncmss/m/sl --> OT1/mathkerncmss/bx/sl on inp
ut line 49.

(/usr/local/texlive/2020/texmf-dist/tex/latex/translator/translator-basic-dicti
onary-English.dict
Dictionary: translator-basic-dictionary, Language: English 
)
(/usr/local/texlive/2020/texmf-dist/tex/latex/translator/translator-bibliograph
y-dictionary-English.dict
Dictionary: translator-bibliography-dictionary, Language: English 
)
(/usr/local/texlive/2020/texmf-dist/tex/latex/translator/translator-environment
-dictionary-English.dict
Dictionary: translator-environment-dictionary, Language: English 
)
(/usr/local/texlive/2020/texmf-dist/tex/latex/translator/translator-months-dict
ionary-English.dict
Dictionary: translator-months-dictionary, Language: English 
)
(/usr/local/texlive/2020/texmf-dist/tex/latex/translator/translator-numbers-dic
tionary-English.dict
Dictionary: translator-numbers-dictionary, Language: English 
)
(/usr/local/texlive/2020/texmf-dist/tex/latex/translator/translator-theorem-dic
tionary-English.dict
Dictionary: translator-theorem-dictionary, Language: English 
)
Package biblatex Info: Trying to load language 'english'...
Package biblatex Info: ... file 'english.lbx' found.

(/usr/local/texlive/2020/texmf-dist/tex/latex/biblatex/lbx/english.lbx
File: english.lbx 2019/12/01 v3.14 biblatex localization (PK/MW)
)
Package biblatex Info: Input encoding 'utf8' detected.
Package biblatex Info: Automatic encoding selection.
(biblatex)             Assuming data encoding 'utf8'.
\openout5 = `seismic.bcf'.

Package biblatex Info: Trying to load bibliographic data...
Package biblatex Info: ... file 'seismic.bbl' found.

(./seismic.bbl)
Package biblatex Info: Reference section=0 on input line 49.
Package biblatex Info: Reference segment=0 on input line 49.
 (./seismic.nav) [1{/usr/local/texlive/2020/texmf-var/fonts/map/pdftex/updmap/p
dftex.map}

]
<../local/graphics-local/ug-shot-01.pdf, id=111, 531.9875pt x 534.99875pt>
File: ../local/graphics-local/ug-shot-01.pdf Graphic file (type pdf)
<use ../local/graphics-local/ug-shot-01.pdf>
Package pdftex.def Info: ../local/graphics-local/ug-shot-01.pdf  used on input 
line 65.
(pdftex.def)             Requested size: 159.59747pt x 160.50085pt.
 [2

 <../local/graphics-local/ug-shot-01.pdf>]
(./seismic.toc) [3

] (../sections/sec-seismology.tex
<../local/graphics-local/ug-shot.pdf, id=171, 539.01375pt x 288.07625pt>
File: ../local/graphics-local/ug-shot.pdf Graphic file (type pdf)
<use ../local/graphics-local/ug-shot.pdf>
Package pdftex.def Info: ../local/graphics-local/ug-shot.pdf  used on input lin
e 14.
(pdftex.def)             Requested size: 269.50621pt x 144.03777pt.
 [4

 <../local/graphics-local/ug-shot.pdf>]
<../local/graphics-local/seismograph/Overview_Seismic_Waves.jpg, id=206, 1284.8
pt x 627.34375pt>
File: ../local/graphics-local/seismograph/Overview_Seismic_Waves.jpg Graphic fi
le (type jpg)
<use ../local/graphics-local/seismograph/Overview_Seismic_Waves.jpg>
Package pdftex.def Info: ../local/graphics-local/seismograph/Overview_Seismic_W
aves.jpg  used on input line 27.
(pdftex.def)             Requested size: 321.19922pt x 156.83554pt.

Overfull \hbox (13.90916pt too wide) in paragraph at lines 27--27
 [][] 
 []

[5

 <../local/graphics-local/seismograph/Overview_Seismic_Waves.jpg>]
File: ../local/graphics-local/seismograph/Overview_Seismic_Waves.jpg Graphic fi
le (type jpg)
<use ../local/graphics-local/seismograph/Overview_Seismic_Waves.jpg>
Package pdftex.def Info: ../local/graphics-local/seismograph/Overview_Seismic_W
aves.jpg  used on input line 27.
(pdftex.def)             Requested size: 321.19922pt x 156.83554pt.

Overfull \hbox (13.90916pt too wide) in paragraph at lines 27--27
 [][] 
 []

[6

]
<../local/graphics-local/seismograph/wiki-01.jpg, id=265, 351.3125pt x 351.3125
pt>
File: ../local/graphics-local/seismograph/wiki-01.jpg Graphic file (type jpg)
<use ../local/graphics-local/seismograph/wiki-01.jpg>
Package pdftex.def Info: ../local/graphics-local/seismograph/wiki-01.jpg  used 
on input line 37.
(pdftex.def)             Requested size: 175.6558pt x 175.6558pt.
 [7

 <../local/graphics-local/seismograph/wiki-01.jpg>]
<../local/graphics-local/movie.png, id=295, 600.2425pt x 456.70625pt>
File: ../local/graphics-local/movie.png Graphic file (type png)
<use ../local/graphics-local/movie.png>
Package pdftex.def Info: ../local/graphics-local/movie.png  used on input line 
46.
(pdftex.def)             Requested size: 210.08801pt x 159.84958pt.
 [8

 <../local/graphics-local/movie.png>]
<../local/graphics-local/seismograph/Digital_seismogram.png, id=325, 292.6935pt
 x 113.82526pt>
File: ../local/graphics-local/seismograph/Digital_seismogram.png Graphic file (
type png)
<use ../local/graphics-local/seismograph/Digital_seismogram.png>
Package pdftex.def Info: ../local/graphics-local/seismograph/Digital_seismogram
.png  used on input line 82.
(pdftex.def)             Requested size: 248.79063pt x 96.7519pt.
 [9

 <../local/graphics-local/seismograph/Digital_seismogram.png>]
File: ../local/graphics-local/seismograph/Digital_seismogram.png Graphic file (
type png)
<use ../local/graphics-local/seismograph/Digital_seismogram.png>
Package pdftex.def Info: ../local/graphics-local/seismograph/Digital_seismogram
.png  used on input line 82.
(pdftex.def)             Requested size: 248.79063pt x 96.7519pt.
 [10

]
<../local/graphics-local/seismograph/Seismic_wave_travel_through_Earth.png, id=
389, 1501.61pt x 918.43124pt>
File: ../local/graphics-local/seismograph/Seismic_wave_travel_through_Earth.png
 Graphic file (type png)
<use ../local/graphics-local/seismograph/Seismic_wave_travel_through_Earth.png>

Package pdftex.def Info: ../local/graphics-local/seismograph/Seismic_wave_trave
l_through_Earth.png  used on input line 91.
(pdftex.def)             Requested size: 225.23178pt x 137.75874pt.
 [11

 <../local/graphics-local/seismograph/Seismic_wave_travel_through_Earth.png>]
<../local/graphics-local/seismograph/Earthquake_wave_paths.png, id=417, 1233.60
875pt x 1027.84pt>
File: ../local/graphics-local/seismograph/Earthquake_wave_paths.png Graphic fil
e (type png)
<use ../local/graphics-local/seismograph/Earthquake_wave_paths.png>
Package pdftex.def Info: ../local/graphics-local/seismograph/Earthquake_wave_pa
ths.png  used on input line 100.
(pdftex.def)             Requested size: 185.03333pt x 154.16934pt.
 [12

 <../local/graphics-local/seismograph/Earthquake_wave_paths.png>]
<../local/graphics-local/seismograph/Hypocenter_Calculation.png, id=444, 558.08
5pt x 426.59375pt>
File: ../local/graphics-local/seismograph/Hypocenter_Calculation.png Graphic fi
le (type png)
<use ../local/graphics-local/seismograph/Hypocenter_Calculation.png>
Package pdftex.def Info: ../local/graphics-local/seismograph/Hypocenter_Calcula
tion.png  used on input line 111.
(pdftex.def)             Requested size: 195.33267pt x 149.31004pt.
 [13

 <../local/graphics-local/seismograph/Hypocenter_Calculation.png>]
<../local/graphics-local/claerbout.png, id=472, 380.42125pt x 384.43625pt>
File: ../local/graphics-local/claerbout.png Graphic file (type png)
<use ../local/graphics-local/claerbout.png>
Package pdftex.def Info: ../local/graphics-local/claerbout.png  used on input l
ine 123.
(pdftex.def)             Requested size: 152.16579pt x 153.77177pt.

[14

 <../local/graphics-local/claerbout.png>]
<../local/graphics-local/gubbins.png, id=504, 911.405pt x 1213.53375pt>
File: ../local/graphics-local/gubbins.png Graphic file (type png)
<use ../local/graphics-local/gubbins.png>
Package pdftex.def Info: ../local/graphics-local/gubbins.png  used on input lin
e 132.
(pdftex.def)             Requested size: 113.92534pt x 151.69135pt.
 [15

 <../local/graphics-local/gubbins.png>]
<../local/graphics-local/gubbins-02.png, id=536, 720.6925pt x 259.97125pt>
File: ../local/graphics-local/gubbins-02.png Graphic file (type png)
<use ../local/graphics-local/gubbins-02.png>
Package pdftex.def Info: ../local/graphics-local/gubbins-02.png  used on input 
line 141.
(pdftex.def)             Requested size: 396.38211pt x 142.98462pt.

Overfull \hbox (89.09074pt too wide) in paragraph at lines 141--141
 [][] 
 []

[16

 <../local/graphics-local/gubbins-02.png>]
<../local/graphics-local/tarantola.png, id=568, 630.355pt x 279.0425pt>
File: ../local/graphics-local/tarantola.png Graphic file (type png)
<use ../local/graphics-local/tarantola.png>
Package pdftex.def Info: ../local/graphics-local/tarantola.png  used on input l
ine 150.
(pdftex.def)             Requested size: 236.38254pt x 104.64067pt.
 [17

 <../local/graphics-local/tarantola.png>]
<../local/graphics-local/brune-01.png, id=599, 647.41875pt x 205.76875pt>
File: ../local/graphics-local/brune-01.png Graphic file (type png)
<use ../local/graphics-local/brune-01.png>
Package pdftex.def Info: ../local/graphics-local/brune-01.png  used on input li
ne 159.
(pdftex.def)             Requested size: 323.70857pt x 102.88411pt.

Overfull \hbox (16.41771pt too wide) in paragraph at lines 159--159
 [][] 
 []

[18

 <../local/graphics-local/brune-01.png>]
LaTeX Font Info:    Trying to load font information for U+msa on input line 186
.

(/usr/local/texlive/2020/texmf-dist/tex/latex/amsfonts/umsa.fd
File: umsa.fd 2013/01/14 v3.01 AMS symbols A
)
LaTeX Font Info:    Trying to load font information for U+msb on input line 186
.

(/usr/local/texlive/2020/texmf-dist/tex/latex/amsfonts/umsb.fd
File: umsb.fd 2013/01/14 v3.01 AMS symbols B
)
LaTeX Font Info:    Trying to load font information for OT1+mathkerncmss on inp
ut line 186.

(/usr/local/texlive/2020/texmf-dist/tex/latex/sansmathaccent/ot1mathkerncmss.fd
File: ot1mathkerncmss.fd 2020/01/31 Fontinst v1.933 font definitions for OT1/ma
thkerncmss.
) [19

pdfTeX warning (ext4): destination with the same identifier (name{eq:average-fa
r-field}) has been already used, duplicate ignored

\@EveryShipout@Output ...@Org@Shipout \box \@cclv 
                                                  
l.186 \end{frame}
                 ]
<../local/graphics-local/randall-01.png, id=668, 649.42625pt x 219.82124pt>
File: ../local/graphics-local/randall-01.png Graphic file (type png)
<use ../local/graphics-local/randall-01.png>
Package pdftex.def Info: ../local/graphics-local/randall-01.png  used on input 
line 195.
(pdftex.def)             Requested size: 292.2391pt x 98.91864pt.
 [20

 <../local/graphics-local/randall-01.png>]
<../local/graphics-local/randall-02.png, id=701, 503.8825pt x 115.43124pt>
File: ../local/graphics-local/randall-02.png Graphic file (type png)
<use ../local/graphics-local/randall-02.png>
Package pdftex.def Info: ../local/graphics-local/randall-02.png  used on input 
line 205.
(pdftex.def)             Requested size: 251.94063pt x 57.71547pt.
 [21

 <../local/graphics-local/randall-02.png>]
<../local/graphics-local/boatwright.png, id=732, 1158.3275pt x 460.72125pt>
File: ../local/graphics-local/boatwright.png Graphic file (type png)
<use ../local/graphics-local/boatwright.png>
Package pdftex.def Info: ../local/graphics-local/boatwright.png  used on input 
line 214.
(pdftex.def)             Requested size: 289.58116pt x 115.18002pt.
 [22

 <../local/graphics-local/boatwright.png>]
<../local/graphics-local/boatwright-01.png, id=763, 723.70375pt x 468.75125pt>
File: ../local/graphics-local/boatwright-01.png Graphic file (type png)
<use ../local/graphics-local/boatwright-01.png>
Package pdftex.def Info: ../local/graphics-local/boatwright-01.png  used on inp
ut line 223.
(pdftex.def)             Requested size: 253.30011pt x 164.06538pt.

[23

 <../local/graphics-local/boatwright-01.png>]) (../sections/sec-gtune.tex
<../local/graphics-local/nedb/nedb-01.pdf, id=791, 606.265pt x 221.82875pt>
File: ../local/graphics-local/nedb/nedb-01.pdf Graphic file (type pdf)
<use ../local/graphics-local/nedb/nedb-01.pdf>
Package pdftex.def Info: ../local/graphics-local/nedb/nedb-01.pdf  used on inpu
t line 18.
(pdftex.def)             Requested size: 303.13176pt x 110.9141pt.

[24

 <../local/graphics-local/nedb/nedb-01.pdf>]
<../local/graphics-local/nedb/nedb-02.jpeg, id=830, 1284.8pt x 870.25125pt>
File: ../local/graphics-local/nedb/nedb-02.jpeg Graphic file (type jpg)
<use ../local/graphics-local/nedb/nedb-02.jpeg>
Package pdftex.def Info: ../local/graphics-local/nedb/nedb-02.jpeg  used on inp
ut line 33.
(pdftex.def)             Requested size: 192.71169pt x 130.53204pt.
 [25

 <../local/graphics-local/nedb/nedb-02.jpeg>]
<../local/graphics-local/nedb/abstract-nedb.png, id=861, 615.29875pt x 455.7025
pt>
File: ../local/graphics-local/nedb/abstract-nedb.png Graphic file (type png)
<use ../local/graphics-local/nedb/abstract-nedb.png>
Package pdftex.def Info: ../local/graphics-local/nedb/abstract-nedb.png  used o
n input line 42.
(pdftex.def)             Requested size: 215.35779pt x 159.49826pt.
 [26

 <../local/graphics-local/nedb/abstract-nedb.png>]
<../local/graphics-local/columbia-01.png, id=890, 485.815pt x 693.59125pt>
File: ../local/graphics-local/columbia-01.png Graphic file (type png)
<use ../local/graphics-local/columbia-01.png>
Package pdftex.def Info: ../local/graphics-local/columbia-01.png  used on input
 line 59.
(pdftex.def)             Requested size: 126.47249pt x 180.5623pt.
<../local/graphics-local/columbia.png, id=892, 449.68pt x 623.32875pt>
File: ../local/graphics-local/columbia.png Graphic file (type png)
<use ../local/graphics-local/columbia.png>
Package pdftex.def Info: ../local/graphics-local/columbia.png  used on input li
ne 59.
(pdftex.def)             Requested size: 130.08621pt x 180.32318pt.

[27

 <../local/graphics-local/columbia-01.png> <../local/graphics-local/columbia.pn
g>]
<../local/graphics-local/springer.png, id=925, 650.43pt x 265.99374pt>
File: ../local/graphics-local/springer.png Graphic file (type png)
<use ../local/graphics-local/springer.png>
Package pdftex.def Info: ../local/graphics-local/springer.png  used on input li
ne 69.
(pdftex.def)             Requested size: 292.6908pt x 119.69608pt.
 [28

 <../local/graphics-local/springer.png>]
<../local/graphics-local/nedb/nedb-03.jpeg, id=958, 1035.87pt x 1284.8pt>
File: ../local/graphics-local/nedb/nedb-03.jpeg Graphic file (type jpg)
<use ../local/graphics-local/nedb/nedb-03.jpeg>
Package pdftex.def Info: ../local/graphics-local/nedb/nedb-03.jpeg  used on inp
ut line 106.
(pdftex.def)             Requested size: 129.48343pt x 160.59961pt.
 [29

 <../local/graphics-local/nedb/nedb-03.jpeg>]
<../local/graphics-local/whois.png, id=985, 635.37375pt x 394.47375pt>
File: ../local/graphics-local/whois.png Graphic file (type png)
<use ../local/graphics-local/whois.png>
Package pdftex.def Info: ../local/graphics-local/whois.png  used on input line 
116.
(pdftex.def)             Requested size: 285.91554pt x 177.51154pt.
 [30

 <../local/graphics-local/whois.png>]
<../local/graphics-local/gtune/gtune-article.pdf, id=1014, 524.96124pt x 194.72
75pt>
File: ../local/graphics-local/gtune/gtune-article.pdf Graphic file (type pdf)
<use ../local/graphics-local/gtune/gtune-article.pdf>
Package pdftex.def Info: ../local/graphics-local/gtune/gtune-article.pdf  used 
on input line 130.
(pdftex.def)             Requested size: 262.47998pt x 97.3635pt.
 [31

 <../local/graphics-local/gtune/gtune-article.pdf>]
<../local/graphics-local/gtune/gtune-map.png, id=1052, 516.9714pt x 263.3037pt>

File: ../local/graphics-local/gtune/gtune-map.png Graphic file (type png)
<use ../local/graphics-local/gtune/gtune-map.png>
Package pdftex.def Info: ../local/graphics-local/gtune/gtune-map.png  used on i
nput line 140.
(pdftex.def)             Requested size: 336.02742pt x 171.14536pt.

Overfull \hbox (28.73613pt too wide) in paragraph at lines 140--140
 [][] 
 []

[32

 <../local/graphics-local/gtune/gtune-map.png (PNG copy)>]
<../local/graphics-local/literature/gtune-04.pdf, id=1081, 985.6825pt x 737.756
26pt>
File: ../local/graphics-local/literature/gtune-04.pdf Graphic file (type pdf)
<use ../local/graphics-local/literature/gtune-04.pdf>
Package pdftex.def Info: ../local/graphics-local/literature/gtune-04.pdf  used 
on input line 149.
(pdftex.def)             Requested size: 221.78403pt x 165.99925pt.
 [33

 <../local/graphics-local/literature/gtune-04.pdf>]
<../local/graphics-local/gtune/machine-learning.png, id=1114, 695.59875pt x 393
.47pt>
File: ../local/graphics-local/gtune/machine-learning.png Graphic file (type png
)
<use ../local/graphics-local/gtune/machine-learning.png>
Package pdftex.def Info: ../local/graphics-local/gtune/machine-learning.png  us
ed on input line 167.
(pdftex.def)             Requested size: 313.01654pt x 177.05986pt.

Overfull \hbox (5.72588pt too wide) in paragraph at lines 167--167
 [][] 
 []

[34

 <../local/graphics-local/gtune/machine-learning.png>]
<../local/graphics-local/gtune/fig-2.png, id=1142, 787.94376pt x 312.16624pt>
File: ../local/graphics-local/gtune/fig-2.png Graphic file (type png)
<use ../local/graphics-local/gtune/fig-2.png>
Package pdftex.def Info: ../local/graphics-local/gtune/fig-2.png  used on input
 line 176.
(pdftex.def)             Requested size: 315.17192pt x 124.86427pt.

Overfull \hbox (7.88194pt too wide) in paragraph at lines 176--176
 [][] 
 []

[35

 <../local/graphics-local/gtune/fig-2.png>]
<../local/graphics-local/nv-209.png, id=1170, 533.995pt x 379.4175pt>
File: ../local/graphics-local/nv-209.png Graphic file (type png)
<use ../local/graphics-local/nv-209.png>
Package pdftex.def Info: ../local/graphics-local/nv-209.png  used on input line
 190.
(pdftex.def)             Requested size: 186.90105pt x 132.79811pt.
 [36

 <../local/graphics-local/nv-209.png>]
<../local/graphics-local/sage.png, id=1205, 818.05624pt x 297.11pt>
File: ../local/graphics-local/sage.png Graphic file (type png)
<use ../local/graphics-local/sage.png>
Package pdftex.def Info: ../local/graphics-local/sage.png  used on input line 2
00.
(pdftex.def)             Requested size: 286.32397pt x 103.99005pt.
 [37

 <../local/graphics-local/sage.png>]
<../local/graphics-local/sage-02.png, id=1236, 818.05624pt x 575.14874pt>
File: ../local/graphics-local/sage-02.png Graphic file (type png)
<use ../local/graphics-local/sage-02.png>
Package pdftex.def Info: ../local/graphics-local/sage-02.png  used on input lin
e 209.
(pdftex.def)             Requested size: 224.95992pt x 158.162pt.
 [38

 <../local/graphics-local/sage-02.png>]
<../local/graphics-local/ldeo/ldeo-02.png, id=1266, 1370.11874pt x 751.80875pt>

File: ../local/graphics-local/ldeo/ldeo-02.png Graphic file (type png)
<use ../local/graphics-local/ldeo/ldeo-02.png>
Package pdftex.def Info: ../local/graphics-local/ldeo/ldeo-02.png  used on inpu
t line 218.
(pdftex.def)             Requested size: 274.01889pt x 150.35909pt.
 [39

 <../local/graphics-local/ldeo/ldeo-02.png>]
<../local/graphics-local/ldeo/ldeo-01.png, id=1296, 628.3475pt x 362.35374pt>
File: ../local/graphics-local/ldeo/ldeo-01.png Graphic file (type png)
<use ../local/graphics-local/ldeo/ldeo-01.png>
Package pdftex.def Info: ../local/graphics-local/ldeo/ldeo-01.png  used on inpu
t line 227.
(pdftex.def)             Requested size: 219.92491pt x 126.8257pt.
 [40

 <../local/graphics-local/ldeo/ldeo-01.png>]
<../local/graphics-local/ldeo/pakistan.png, id=1328, 571.13374pt x 69.25874pt>
File: ../local/graphics-local/ldeo/pakistan.png Graphic file (type png)
<use ../local/graphics-local/ldeo/pakistan.png>
Package pdftex.def Info: ../local/graphics-local/ldeo/pakistan.png  used on inp
ut line 237.
(pdftex.def)             Requested size: 285.56618pt x 34.62927pt.
 [41

 <../local/graphics-local/ldeo/pakistan.png>] [42

]
<../local/graphics-local/russkies.pdf, id=1387, 512.91624pt x 332.24126pt>
File: ../local/graphics-local/russkies.pdf Graphic file (type pdf)
<use ../local/graphics-local/russkies.pdf>
Package pdftex.def Info: ../local/graphics-local/russkies.pdf  used on input li
ne 255.
(pdftex.def)             Requested size: 256.45749pt x 166.12021pt.
 [43

 <../local/graphics-local/russkies.pdf>]
<../local/graphics-local/dtic/burdick.png, id=1423, 662.475pt x 217.81375pt>
File: ../local/graphics-local/dtic/burdick.png Graphic file (type png)
<use ../local/graphics-local/dtic/burdick.png>
Package pdftex.def Info: ../local/graphics-local/dtic/burdick.png  used on inpu
t line 264.
(pdftex.def)             Requested size: 298.111pt x 98.01527pt.
 [44

 <../local/graphics-local/dtic/burdick.png>]
<../local/graphics-local/dtic/awre.png, id=1456, 581.17125pt x 316.18124pt>
File: ../local/graphics-local/dtic/awre.png Graphic file (type png)
<use ../local/graphics-local/dtic/awre.png>
Package pdftex.def Info: ../local/graphics-local/dtic/awre.png  used on input l
ine 274.
(pdftex.def)             Requested size: 232.46437pt x 126.47025pt.
 [45

 <../local/graphics-local/dtic/awre.png>]
<../local/graphics-local/seismograph/miller.png, id=1489, 687.56876pt x 591.208
76pt>
File: ../local/graphics-local/seismograph/miller.png Graphic file (type png)
<use ../local/graphics-local/seismograph/miller.png>
Package pdftex.def Info: ../local/graphics-local/seismograph/miller.png  used o
n input line 285.
(pdftex.def)             Requested size: 206.27222pt x 177.36398pt.
 [46

 <../local/graphics-local/seismograph/miller.png>]
<../local/graphics-local/mdpi.png, id=1521, 677.53125pt x 327.2225pt>
File: ../local/graphics-local/mdpi.png Graphic file (type png)
<use ../local/graphics-local/mdpi.png>
Package pdftex.def Info: ../local/graphics-local/mdpi.png  used on input line 2
95.
(pdftex.def)             Requested size: 237.13948pt x 114.52959pt.
 [47

 <../local/graphics-local/mdpi.png>]
<../local/graphics-local/obspy/obspy.png, id=1552, 1342.01375pt x 905.3825pt>
File: ../local/graphics-local/obspy/obspy.png Graphic file (type png)
<use ../local/graphics-local/obspy/obspy.png>
Package pdftex.def Info: ../local/graphics-local/obspy/obspy.png  used on input
 line 326.
(pdftex.def)             Requested size: 268.398pt x 181.07329pt.

[48

 <../local/graphics-local/obspy/obspy.png>]
<../local/graphics-local/obspy/github.png, id=1582, 1342.01375pt x 905.3825pt>
File: ../local/graphics-local/obspy/github.png Graphic file (type png)
<use ../local/graphics-local/obspy/github.png>
Package pdftex.def Info: ../local/graphics-local/obspy/github.png  used on inpu
t line 335.
(pdftex.def)             Requested size: 268.398pt x 181.07329pt.
 [49

 <../local/graphics-local/obspy/github.png>]
<../local/graphics-local/obspy/obspy-tutorial.png, id=1613, 1342.01375pt x 905.
3825pt>
File: ../local/graphics-local/obspy/obspy-tutorial.png Graphic file (type png)
<use ../local/graphics-local/obspy/obspy-tutorial.png>
Package pdftex.def Info: ../local/graphics-local/obspy/obspy-tutorial.png  used
 on input line 344.
(pdftex.def)             Requested size: 268.398pt x 181.07329pt.
 [50

 <../local/graphics-local/obspy/obspy-tutorial.png>]
<../local/graphics-local/obspy/others.png, id=1643, 1366.10374pt x 301.125pt>
File: ../local/graphics-local/obspy/others.png Graphic file (type png)
<use ../local/graphics-local/obspy/others.png>
Package pdftex.def Info: ../local/graphics-local/obspy/others.png  used on inpu
t line 353.
(pdftex.def)             Requested size: 273.21591pt x 60.22392pt.

[51

 <../local/graphics-local/obspy/others.png>]) (../sections/sec-inverse.tex
<../local/graphics-local/scrape/tarantola.pdf, id=1672, 219.82124pt x 317.185pt
>
File: ../local/graphics-local/scrape/tarantola.pdf Graphic file (type pdf)
<use ../local/graphics-local/scrape/tarantola.pdf>
Package pdftex.def Info: ../local/graphics-local/scrape/tarantola.pdf  used on 
input line 17.
(pdftex.def)             Requested size: 87.92693pt x 126.87173pt.

[52

 <../local/graphics-local/scrape/tarantola.pdf>] [53

]
<../local/graphics-local/measurements/sequence/sequence-01.pdf, id=1734, 260.97
5pt x 247.92625pt>
File: ../local/graphics-local/measurements/sequence/sequence-01.pdf Graphic fil
e (type pdf)
<use ../local/graphics-local/measurements/sequence/sequence-01.pdf>
Package pdftex.def Info: ../local/graphics-local/measurements/sequence/sequence
-01.pdf  used on input line 39.
(pdftex.def)             Requested size: 169.63174pt x 161.15015pt.
 [54

 <../local/graphics-local/measurements/sequence/sequence-01.pdf>]
<../local/graphics-local/measurements/sequence/sequence-02.pdf, id=1778, 260.97
5pt x 247.92625pt>
File: ../local/graphics-local/measurements/sequence/sequence-02.pdf Graphic fil
e (type pdf)
<use ../local/graphics-local/measurements/sequence/sequence-02.pdf>
Package pdftex.def Info: ../local/graphics-local/measurements/sequence/sequence
-02.pdf  used on input line 48.
(pdftex.def)             Requested size: 169.63174pt x 161.15015pt.
 [55

 <../local/graphics-local/measurements/sequence/sequence-02.pdf>]
<../local/graphics-local/measurements/sequence/sequence-03.pdf, id=1820, 260.97
5pt x 247.92625pt>
File: ../local/graphics-local/measurements/sequence/sequence-03.pdf Graphic fil
e (type pdf)
<use ../local/graphics-local/measurements/sequence/sequence-03.pdf>
Package pdftex.def Info: ../local/graphics-local/measurements/sequence/sequence
-03.pdf  used on input line 57.
(pdftex.def)             Requested size: 169.63174pt x 161.15015pt.
 [56

 <../local/graphics-local/measurements/sequence/sequence-03.pdf>]
<../local/graphics-local/measurements/sequence/sequence-04.pdf, id=1862, 260.97
5pt x 247.92625pt>
File: ../local/graphics-local/measurements/sequence/sequence-04.pdf Graphic fil
e (type pdf)
<use ../local/graphics-local/measurements/sequence/sequence-04.pdf>
Package pdftex.def Info: ../local/graphics-local/measurements/sequence/sequence
-04.pdf  used on input line 66.
(pdftex.def)             Requested size: 169.63174pt x 161.15015pt.
 [57

 <../local/graphics-local/measurements/sequence/sequence-04.pdf>]
<../local/graphics-local/measurements/sequence/sequence-05.pdf, id=1903, 260.97
5pt x 247.92625pt>
File: ../local/graphics-local/measurements/sequence/sequence-05.pdf Graphic fil
e (type pdf)
<use ../local/graphics-local/measurements/sequence/sequence-05.pdf>
Package pdftex.def Info: ../local/graphics-local/measurements/sequence/sequence
-05.pdf  used on input line 75.
(pdftex.def)             Requested size: 169.63174pt x 161.15015pt.
 [58

 <../local/graphics-local/measurements/sequence/sequence-05.pdf>]
<../local/graphics-local/measurements/sequence/sequence-06.pdf, id=1944, 260.97
5pt x 247.92625pt>
File: ../local/graphics-local/measurements/sequence/sequence-06.pdf Graphic fil
e (type pdf)
<use ../local/graphics-local/measurements/sequence/sequence-06.pdf>
Package pdftex.def Info: ../local/graphics-local/measurements/sequence/sequence
-06.pdf  used on input line 84.
(pdftex.def)             Requested size: 169.63174pt x 161.15015pt.
 [59

 <../local/graphics-local/measurements/sequence/sequence-06.pdf>]
<../local/graphics-local/inverse/basics/basics-annulus-0-1.pdf, id=1985, 260.97
5pt x 257.96375pt>
File: ../local/graphics-local/inverse/basics/basics-annulus-0-1.pdf Graphic fil
e (type pdf)
<use ../local/graphics-local/inverse/basics/basics-annulus-0-1.pdf>
Package pdftex.def Info: ../local/graphics-local/inverse/basics/basics-annulus-
0-1.pdf  used on input line 93.
(pdftex.def)             Requested size: 169.63174pt x 167.67444pt.

[60

 <../local/graphics-local/inverse/basics/basics-annulus-0-1.pdf>]

Package hyperref Warning: Token not allowed in a PDF string (PDFDocEncoding):
(hyperref)                removing `math shift' on input line 96.


Package hyperref Warning: Token not allowed in a PDF string (PDFDocEncoding):
(hyperref)                removing `superscript' on input line 96.


Package hyperref Warning: Token not allowed in a PDF string (PDFDocEncoding):
(hyperref)                removing `math shift' on input line 96.

[61

] [62

] [63

]
<../local/graphics-local/inverse/basics/basics-3d.pdf, id=2108, 260.975pt x 211
.79124pt>
File: ../local/graphics-local/inverse/basics/basics-3d.pdf Graphic file (type p
df)
<use ../local/graphics-local/inverse/basics/basics-3d.pdf>
Package pdftex.def Info: ../local/graphics-local/inverse/basics/basics-3d.pdf  
used on input line 135.
(pdftex.def)             Requested size: 195.73077pt x 158.84303pt.
 [64

 <../local/graphics-local/inverse/basics/basics-3d.pdf>]
<../local/graphics-local/inverse/basics/basics-level-set-solution.pdf, id=2141,
 260.975pt x 260.975pt>
File: ../local/graphics-local/inverse/basics/basics-level-set-solution.pdf Grap
hic file (type pdf)
<use ../local/graphics-local/inverse/basics/basics-level-set-solution.pdf>
Package pdftex.def Info: ../local/graphics-local/inverse/basics/basics-level-se
t-solution.pdf  used on input line 148.
(pdftex.def)             Requested size: 130.48718pt x 130.48718pt.

[65

 <../local/graphics-local/inverse/basics/basics-level-set-solution.pdf>]
<../local/graphics-local/inverse/basics/basics-contours.pdf, id=2182, 260.975pt
 x 269.005pt>
File: ../local/graphics-local/inverse/basics/basics-contours.pdf Graphic file (
type pdf)
<use ../local/graphics-local/inverse/basics/basics-contours.pdf>
Package pdftex.def Info: ../local/graphics-local/inverse/basics/basics-contours
.pdf  used on input line 158.
(pdftex.def)             Requested size: 130.48718pt x 134.50217pt.

[66

 <../local/graphics-local/inverse/basics/basics-contours.pdf>]
<../local/graphics-local/inverse/basics/basics-contours-rings.pdf, id=2224, 260
.975pt x 269.005pt>
File: ../local/graphics-local/inverse/basics/basics-contours-rings.pdf Graphic 
file (type pdf)
<use ../local/graphics-local/inverse/basics/basics-contours-rings.pdf>
Package pdftex.def Info: ../local/graphics-local/inverse/basics/basics-contours
-rings.pdf  used on input line 167.
(pdftex.def)             Requested size: 130.48718pt x 134.50217pt.
 [67

 <../local/graphics-local/inverse/basics/basics-contours-rings.pdf>]
<../local/graphics-local/measurements/errors-ω=1000000.pdf, id=2266, 260.975pt
 x 156.585pt>
File: ../local/graphics-local/measurements/errors-ω=1000000.pdf Graphic file (
type pdf)
<use ../local/graphics-local/measurements/errors-ω=1000000.pdf>
Package pdftex.def Info: ../local/graphics-local/measurements/errors-ω=1000000
.pdf  used on input line 176.
(pdftex.def)             Requested size: 195.73077pt x 117.43845pt.
 [68

 <../local/graphics-local/measurements/errors-ω=1000000.pdf>]
<../local/graphics-local/measurements/density-ω=1000000.pdf, id=2301, 304.1362
5pt x 315.1775pt>
File: ../local/graphics-local/measurements/density-ω=1000000.pdf Graphic file 
(type pdf)
<use ../local/graphics-local/measurements/density-ω=1000000.pdf>
Package pdftex.def Info: ../local/graphics-local/measurements/density-ω=100000
0.pdf  used on input line 185.
(pdftex.def)             Requested size: 152.06775pt x 157.58836pt.
 [69

 <../local/graphics-local/measurements/density-ω=1000000.pdf>]
<../local/graphics-local/measurements/results+circle.pdf, id=2345, 304.13625pt 
x 315.1775pt>
File: ../local/graphics-local/measurements/results+circle.pdf Graphic file (typ
e pdf)
<use ../local/graphics-local/measurements/results+circle.pdf>
Package pdftex.def Info: ../local/graphics-local/measurements/results+circle.pd
f  used on input line 195.
(pdftex.def)             Requested size: 152.06775pt x 157.58836pt.
 [70

 <../local/graphics-local/measurements/results+circle.pdf>]
<../local/graphics-local/measurements/polar-black-01.pdf, id=2388, 304.13625pt 
x 315.1775pt>
File: ../local/graphics-local/measurements/polar-black-01.pdf Graphic file (typ
e pdf)
<use ../local/graphics-local/measurements/polar-black-01.pdf>
Package pdftex.def Info: ../local/graphics-local/measurements/polar-black-01.pd
f  used on input line 226.
(pdftex.def)             Requested size: 152.06775pt x 157.58836pt.
 [71

 <../local/graphics-local/measurements/polar-black-01.pdf>]
<../local/graphics-local/measurements/polar-black-zoom.pdf, id=2431, 304.13625p
t x 262.9825pt>
File: ../local/graphics-local/measurements/polar-black-zoom.pdf Graphic file (t
ype pdf)
<use ../local/graphics-local/measurements/polar-black-zoom.pdf>
Package pdftex.def Info: ../local/graphics-local/measurements/polar-black-zoom.
pdf  used on input line 239.
(pdftex.def)             Requested size: 152.06775pt x 131.49092pt.
 [72

 <../local/graphics-local/measurements/polar-black-zoom.pdf>]
File: ../local/graphics-local/measurements/polar-black-zoom.pdf Graphic file (t
ype pdf)
<use ../local/graphics-local/measurements/polar-black-zoom.pdf>
Package pdftex.def Info: ../local/graphics-local/measurements/polar-black-zoom.
pdf  used on input line 258.
(pdftex.def)             Requested size: 152.06775pt x 131.49092pt.
 [73

]
(../sections/ssec-grid.tex
File: ../local/graphics-local/inverse/basics/basics-annulus-0-1.pdf Graphic fil
e (type pdf)
<use ../local/graphics-local/inverse/basics/basics-annulus-0-1.pdf>
Package pdftex.def Info: ../local/graphics-local/inverse/basics/basics-annulus-
0-1.pdf  used on input line 10.
(pdftex.def)             Requested size: 143.53668pt x 141.8805pt.
 [74

]
<../local/graphics-local/inverse/tarantola-gdh-low-1000000.pdf, id=2522, 304.13
625pt x 279.0425pt>
File: ../local/graphics-local/inverse/tarantola-gdh-low-1000000.pdf Graphic fil
e (type pdf)
<use ../local/graphics-local/inverse/tarantola-gdh-low-1000000.pdf>
Package pdftex.def Info: ../local/graphics-local/inverse/tarantola-gdh-low-1000
000.pdf  used on input line 32.
(pdftex.def)             Requested size: 98.8431pt x 90.68773pt.
<../local/graphics-local/inverse/tarantola-gdh-std-1000000.pdf, id=2523, 304.13
625pt x 279.0425pt>
File: ../local/graphics-local/inverse/tarantola-gdh-std-1000000.pdf Graphic fil
e (type pdf)
<use ../local/graphics-local/inverse/tarantola-gdh-std-1000000.pdf>
Package pdftex.def Info: ../local/graphics-local/inverse/tarantola-gdh-std-1000
000.pdf  used on input line 32.
(pdftex.def)             Requested size: 98.8431pt x 90.68773pt.
<../local/graphics-local/inverse/tarantola-gdh-high-1000000.pdf, id=2524, 301.1
25pt x 279.0425pt>
File: ../local/graphics-local/inverse/tarantola-gdh-high-1000000.pdf Graphic fi
le (type pdf)
<use ../local/graphics-local/inverse/tarantola-gdh-high-1000000.pdf>
Package pdftex.def Info: ../local/graphics-local/inverse/tarantola-gdh-high-100
0000.pdf  used on input line 32.
(pdftex.def)             Requested size: 97.86446pt x 90.68773pt.

Overfull \hbox (24.25761pt too wide) in paragraph at lines 32--32
 [] 
 []

[75

 <../local/graphics-local/inverse/tarantola-gdh-low-1000000.pdf> <../local/grap
hics-local/inverse/tarantola-gdh-std-1000000.pdf

pdfTeX warning: /Library/TeX/texbin/pdflatex (file ../local/graphics-local/inve
rse/tarantola-gdh-std-1000000.pdf): PDF inclusion: multiple pdfs with page grou
p included in a single page
> <../local/graphics-local/inverse/tarantola-gdh-high-1000000.pdf

pdfTeX warning: /Library/TeX/texbin/pdflatex (file ../local/graphics-local/inve
rse/tarantola-gdh-high-1000000.pdf): PDF inclusion: multiple pdfs with page gro
up included in a single page
>]) (../sections/ssec-array-hex.tex
<../local/graphics-local/inverse/hex-bands-high.pdf, id=2597, 260.975pt x 270.0
0874pt>
File: ../local/graphics-local/inverse/hex-bands-high.pdf Graphic file (type pdf
)
<use ../local/graphics-local/inverse/hex-bands-high.pdf>
Package pdftex.def Info: ../local/graphics-local/inverse/hex-bands-high.pdf  us
ed on input line 9.
(pdftex.def)             Requested size: 143.53668pt x 148.50525pt.
 [76

 <../local/graphics-local/inverse/hex-bands-high.pdf>]
<../local/graphics-local/inverse/hex-gdh-low-1000000.pdf, id=2637, 309.155pt x 
250.9375pt>
File: ../local/graphics-local/inverse/hex-gdh-low-1000000.pdf Graphic file (typ
e pdf)
<use ../local/graphics-local/inverse/hex-gdh-low-1000000.pdf>
Package pdftex.def Info: ../local/graphics-local/inverse/hex-gdh-low-1000000.pd
f  used on input line 30.
(pdftex.def)             Requested size: 100.47418pt x 81.55371pt.
<../local/graphics-local/inverse/hex-gdh-std-1000000.pdf, id=2638, 309.155pt x 
250.9375pt>
File: ../local/graphics-local/inverse/hex-gdh-std-1000000.pdf Graphic file (typ
e pdf)
<use ../local/graphics-local/inverse/hex-gdh-std-1000000.pdf>
Package pdftex.def Info: ../local/graphics-local/inverse/hex-gdh-std-1000000.pd
f  used on input line 30.
(pdftex.def)             Requested size: 100.47418pt x 81.55371pt.
<../local/graphics-local/inverse/hex-gdh-high-1000000.pdf, id=2639, 304.13625pt
 x 250.9375pt>
File: ../local/graphics-local/inverse/hex-gdh-high-1000000.pdf Graphic file (ty
pe pdf)
<use ../local/graphics-local/inverse/hex-gdh-high-1000000.pdf>
Package pdftex.def Info: ../local/graphics-local/inverse/hex-gdh-high-1000000.p
df  used on input line 30.
(pdftex.def)             Requested size: 98.8431pt x 81.55371pt.

Overfull \hbox (28.49803pt too wide) in paragraph at lines 30--30
 [] 
 []

[77

 <../local/graphics-local/inverse/hex-gdh-low-1000000.pdf> <../local/graphics-l
ocal/inverse/hex-gdh-std-1000000.pdf

pdfTeX warning: /Library/TeX/texbin/pdflatex (file ../local/graphics-local/inve
rse/hex-gdh-std-1000000.pdf): PDF inclusion: multiple pdfs with page group incl
uded in a single page
> <../local/graphics-local/inverse/hex-gdh-high-1000000.pdf

pdfTeX warning: /Library/TeX/texbin/pdflatex (file ../local/graphics-local/inve
rse/hex-gdh-high-1000000.pdf): PDF inclusion: multiple pdfs with page group inc
luded in a single page
>]) (../sections/ssec-line-perpendicular.tex
<../local/graphics-local/inverse/line-perp-low-bands.pdf, id=2712, 260.975pt x 
264.99pt>
File: ../local/graphics-local/inverse/line-perp-low-bands.pdf Graphic file (typ
e pdf)
<use ../local/graphics-local/inverse/line-perp-low-bands.pdf>
Package pdftex.def Info: ../local/graphics-local/inverse/line-perp-low-bands.pd
f  used on input line 9.
(pdftex.def)             Requested size: 143.53668pt x 145.74495pt.
 [78

 <../local/graphics-local/inverse/line-perp-low-bands.pdf>]
<../local/graphics-local/inverse/line-perp-low-gdh-1000000.pdf, id=2752, 309.15
5pt x 296.10625pt>
File: ../local/graphics-local/inverse/line-perp-low-gdh-1000000.pdf Graphic fil
e (type pdf)
<use ../local/graphics-local/inverse/line-perp-low-gdh-1000000.pdf>
Package pdftex.def Info: ../local/graphics-local/inverse/line-perp-low-gdh-1000
000.pdf  used on input line 30.
(pdftex.def)             Requested size: 100.47418pt x 96.23338pt.
<../local/graphics-local/inverse/line-perp-std-gdh-1000000.pdf, id=2753, 309.15
5pt x 296.10625pt>
File: ../local/graphics-local/inverse/line-perp-std-gdh-1000000.pdf Graphic fil
e (type pdf)
<use ../local/graphics-local/inverse/line-perp-std-gdh-1000000.pdf>
Package pdftex.def Info: ../local/graphics-local/inverse/line-perp-std-gdh-1000
000.pdf  used on input line 30.
(pdftex.def)             Requested size: 100.47418pt x 96.23338pt.
<../local/graphics-local/inverse/line-perp-high-gdh-1000000.pdf, id=2754, 304.1
3625pt x 296.10625pt>
File: ../local/graphics-local/inverse/line-perp-high-gdh-1000000.pdf Graphic fi
le (type pdf)
<use ../local/graphics-local/inverse/line-perp-high-gdh-1000000.pdf>
Package pdftex.def Info: ../local/graphics-local/inverse/line-perp-high-gdh-100
0000.pdf  used on input line 30.
(pdftex.def)             Requested size: 98.8431pt x 96.23338pt.

Overfull \hbox (28.49803pt too wide) in paragraph at lines 30--30
 [] 
 []

[79

 <../local/graphics-local/inverse/line-perp-low-gdh-1000000.pdf> <../local/grap
hics-local/inverse/line-perp-std-gdh-1000000.pdf

pdfTeX warning: /Library/TeX/texbin/pdflatex (file ../local/graphics-local/inve
rse/line-perp-std-gdh-1000000.pdf): PDF inclusion: multiple pdfs with page grou
p included in a single page
> <../local/graphics-local/inverse/line-perp-high-gdh-1000000.pdf

pdfTeX warning: /Library/TeX/texbin/pdflatex (file ../local/graphics-local/inve
rse/line-perp-high-gdh-1000000.pdf): PDF inclusion: multiple pdfs with page gro
up included in a single page
>]) (../sections/ssec-line-parallel.tex
<../local/graphics-local/inverse/line-parallel-low-bands.pdf, id=2809, 260.975p
t x 269.005pt>
File: ../local/graphics-local/inverse/line-parallel-low-bands.pdf Graphic file 
(type pdf)
<use ../local/graphics-local/inverse/line-parallel-low-bands.pdf>
Package pdftex.def Info: ../local/graphics-local/inverse/line-parallel-low-band
s.pdf  used on input line 9.
(pdftex.def)             Requested size: 143.53668pt x 147.9532pt.
 [80

 <../local/graphics-local/inverse/line-parallel-low-bands.pdf>]
<../local/graphics-local/inverse/line-parallel-low-gdh-1000000.pdf, id=2850, 31
2.16624pt x 289.08pt>
File: ../local/graphics-local/inverse/line-parallel-low-gdh-1000000.pdf Graphic
 file (type pdf)
<use ../local/graphics-local/inverse/line-parallel-low-gdh-1000000.pdf>
Package pdftex.def Info: ../local/graphics-local/inverse/line-parallel-low-gdh-
1000000.pdf  used on input line 31.
(pdftex.def)             Requested size: 101.45282pt x 93.94987pt.
<../local/graphics-local/inverse/line-parallel-std-gdh-1000000.pdf, id=2851, 31
2.16624pt x 280.04625pt>
File: ../local/graphics-local/inverse/line-parallel-std-gdh-1000000.pdf Graphic
 file (type pdf)
<use ../local/graphics-local/inverse/line-parallel-std-gdh-1000000.pdf>
Package pdftex.def Info: ../local/graphics-local/inverse/line-parallel-std-gdh-
1000000.pdf  used on input line 31.
(pdftex.def)             Requested size: 101.45282pt x 91.01395pt.
<../local/graphics-local/inverse/line-parallel-high-gdh-1000000.pdf, id=2852, 3
09.155pt x 275.0275pt>
File: ../local/graphics-local/inverse/line-parallel-high-gdh-1000000.pdf Graphi
c file (type pdf)
<use ../local/graphics-local/inverse/line-parallel-high-gdh-1000000.pdf>
Package pdftex.def Info: ../local/graphics-local/inverse/line-parallel-high-gdh
-1000000.pdf  used on input line 31.
(pdftex.def)             Requested size: 100.47418pt x 89.38287pt.

Overfull \hbox (32.08842pt too wide) in paragraph at lines 31--31
 [] 
 []

[81

 <../local/graphics-local/inverse/line-parallel-low-gdh-1000000.pdf> <../local/
graphics-local/inverse/line-parallel-std-gdh-1000000.pdf

pdfTeX warning: /Library/TeX/texbin/pdflatex (file ../local/graphics-local/inve
rse/line-parallel-std-gdh-1000000.pdf): PDF inclusion: multiple pdfs with page 
group included in a single page
> <../local/graphics-local/inverse/line-parallel-high-gdh-1000000.pdf

pdfTeX warning: /Library/TeX/texbin/pdflatex (file ../local/graphics-local/inve
rse/line-parallel-high-gdh-1000000.pdf): PDF inclusion: multiple pdfs with page
 group included in a single page
>]))

LaTeX Font Warning: Font shape `OT1/cmss/m/sc' in size <10.95> not available
(Font)              Font shape `OT1/cmr/m/sc' tried instead on input line 82.

[82

] [83


] [84


] [85


] [86


] [87


] [88


] [89


] [90


] [91


] [92


] [93

]
\tf@nav=\write7
\openout7 = `seismic.nav'.

\tf@toc=\write8
\openout8 = `seismic.toc'.

\tf@snm=\write9
\openout9 = `seismic.snm'.

Package atveryend Info: Empty hook `BeforeClearDocument' on input line 102.
Package atveryend Info: Empty hook `AfterLastShipout' on input line 102.
 (./seismic.aux)
Package atveryend Info: Executing hook `AtVeryEndDocument' on input line 102.
Package atveryend Info: Executing hook `AtEndAfterFileList' on input line 102.
Package rerunfilecheck Info: File `seismic.out' has not changed.
(rerunfilecheck)             Checksum: CCD15E35D13A98BBBCEF379B5915E6CA;962.


LaTeX Warning: There were multiply-defined labels.

Package logreq Info: Writing requests to 'seismic.run.xml'.
\openout1 = `seismic.run.xml'.

 ) 
Here is how much of TeX's memory you used:
 30444 strings out of 480608
 619014 string characters out of 5903631
 1225331 words of memory out of 5000000
 45341 multiletter control sequences out of 15000+600000
 544849 words of font info for 69 fonts, out of 8000000 for 9000
 1141 hyphenation exceptions out of 8191
 58i,14n,88p,774b,1758s stack positions out of 5000i,500n,10000p,200000b,80000s
</usr/local/texlive/2020/texmf-dist/fonts/type1/public/amsfonts/cm/cmcsc10.pf
b></usr/local/texlive/2020/texmf-dist/fonts/type1/public/amsfonts/cm/cmex10.pfb
></usr/local/texlive/2020/texmf-dist/fonts/type1/public/amsfonts/cm/cmmi10.pfb>
</usr/local/texlive/2020/texmf-dist/fonts/type1/public/amsfonts/cm/cmmi12.pfb><
/usr/local/texlive/2020/texmf-dist/fonts/type1/public/amsfonts/cm/cmmi8.pfb></u
sr/local/texlive/2020/texmf-dist/fonts/type1/public/amsfonts/cm/cmr10.pfb></usr
/local/texlive/2020/texmf-dist/fonts/type1/public/amsfonts/cm/cmss10.pfb></usr/
local/texlive/2020/texmf-dist/fonts/type1/public/amsfonts/cm/cmss12.pfb></usr/l
ocal/texlive/2020/texmf-dist/fonts/type1/public/amsfonts/cm/cmss8.pfb></usr/loc
al/texlive/2020/texmf-dist/fonts/type1/public/amsfonts/cm/cmssi10.pfb></usr/loc
al/texlive/2020/texmf-dist/fonts/type1/public/amsfonts/cm/cmssi12.pfb></usr/loc
al/texlive/2020/texmf-dist/fonts/type1/public/amsfonts/cm/cmssi8.pfb></usr/loca
l/texlive/2020/texmf-dist/fonts/type1/public/amsfonts/cm/cmssi9.pfb></usr/local
/texlive/2020/texmf-dist/fonts/type1/public/amsfonts/cm/cmsy10.pfb></usr/local/
texlive/2020/texmf-dist/fonts/type1/public/amsfonts/cm/cmsy8.pfb></usr/local/te
xlive/2020/texmf-dist/fonts/type1/public/amsfonts/cm/cmtt10.pfb></usr/local/tex
live/2020/texmf-dist/fonts/type1/public/amsfonts/cm/cmtt12.pfb></usr/local/texl
ive/2020/texmf-dist/fonts/type1/public/amsfonts/symbols/msbm10.pfb>
Output written on seismic.pdf (93 pages, 25905342 bytes).
PDF statistics:
 3393 PDF objects out of 3580 (max. 8388607)
 2991 compressed objects within 30 object streams
 248 named destinations out of 1000 (max. 500000)
 553 words of extra memory for PDF output out of 10000 (max. 10000000)

